     9>D:\projects\2024-misis-fall\misis2024f-24-02-kosenko-m-r\prj.check\prj.check\doctest_arrayt\doctest_arrayt.cpp(3,10): error C1083: Cannot open include file: 'arrayt/arrayt.hpp': No such file or directory [D:\projects\2024-misis-fall\misis2024f-24-02-kosenko-m-r\build.check\prj.check\prj.check\doctest_arrayt\doctest_arrayt.vcxproj]
     7>D:\projects\2024-misis-fall\misis2024f-24-02-kosenko-m-r\prj.check\prj.check\doctest_arrayd\doctest_arrayd.cpp(16,3): error C3861: 'ArrayD': identifier not found [D:\projects\2024-misis-fall\misis2024f-24-02-kosenko-m-r\build.check\prj.check\prj.check\doctest_arrayd\doctest_arrayd.vcxproj]
     7>D:\projects\2024-misis-fall\misis2024f-24-02-kosenko-m-r\prj.check\prj.check\doctest_arrayd\doctest_arrayd.cpp(17,3): error C3861: 'ArrayD': identifier not found [D:\projects\2024-misis-fall\misis2024f-24-02-kosenko-m-r\build.check\prj.check\prj.check\doctest_arrayd\doctest_arrayd.vcxproj]
     7>D:\projects\2024-misis-fall\misis2024f-24-02-kosenko-m-r\prj.check\prj.check\doctest_arrayd\doctest_arrayd.cpp(24,3): error C2065: 'ArrayD': undeclared identifier [D:\projects\2024-misis-fall\misis2024f-24-02-kosenko-m-r\build.check\prj.check\prj.check\doctest_arrayd\doctest_arrayd.vcxproj]
     7>D:\projects\2024-misis-fall\misis2024f-24-02-kosenko-m-r\prj.check\prj.check\doctest_arrayd\doctest_arrayd.cpp(24,10): error C2146: syntax error: missing ';' before identifier 'ar' [D:\projects\2024-misis-fall\misis2024f-24-02-kosenko-m-r\build.check\prj.check\prj.check\doctest_arrayd\doctest_arrayd.vcxproj]
     7>D:\projects\2024-misis-fall\misis2024f-24-02-kosenko-m-r\prj.check\prj.check\doctest_arrayd\doctest_arrayd.cpp(24,10): error C3861: 'ar': identifier not found [D:\projects\2024-misis-fall\misis2024f-24-02-kosenko-m-r\build.check\prj.check\prj.check\doctest_arrayd\doctest_arrayd.vcxproj]
     7>D:\projects\2024-misis-fall\misis2024f-24-02-kosenko-m-r\prj.check\prj.check\doctest_arrayd\doctest_arrayd.cpp(25,3): error C2065: 'ar': undeclared identifier [D:\projects\2024-misis-fall\misis2024f-24-02-kosenko-m-r\build.check\prj.check\prj.check\doctest_arrayd\doctest_arrayd.vcxproj]
     7>D:\projects\2024-misis-fall\misis2024f-24-02-kosenko-m-r\prj.check\prj.check\doctest_arrayd\doctest_arrayd.cpp(25,3): error C2672: 'doctest::detail::ResultBuilder::binary_assert': no matching overloaded function found [D:\projects\2024-misis-fall\misis2024f-24-02-kosenko-m-r\build.check\prj.check\prj.check\doctest_arrayd\doctest_arrayd.vcxproj]
     7>D:\projects\2024-misis-fall\misis2024f-24-02-kosenko-m-r\prj.check\prj.check\doctest_arrayd\doctest_arrayd.cpp(26,3): error C2065: 'ar': undeclared identifier [D:\projects\2024-misis-fall\misis2024f-24-02-kosenko-m-r\build.check\prj.check\prj.check\doctest_arrayd\doctest_arrayd.vcxproj]
     7>D:\projects\2024-misis-fall\misis2024f-24-02-kosenko-m-r\prj.check\prj.check\doctest_arrayd\doctest_arrayd.cpp(26,3): error C2672: 'doctest::detail::ResultBuilder::binary_assert': no matching overloaded function found [D:\projects\2024-misis-fall\misis2024f-24-02-kosenko-m-r\build.check\prj.check\prj.check\doctest_arrayd\doctest_arrayd.vcxproj]
     7>D:\projects\2024-misis-fall\misis2024f-24-02-kosenko-m-r\prj.check\prj.check\doctest_arrayd\doctest_arrayd.cpp(28,3): error C3861: 'ArrayD': identifier not found [D:\projects\2024-misis-fall\misis2024f-24-02-kosenko-m-r\build.check\prj.check\prj.check\doctest_arrayd\doctest_arrayd.vcxproj]
     7>D:\projects\2024-misis-fall\misis2024f-24-02-kosenko-m-r\prj.check\prj.check\doctest_arrayd\doctest_arrayd.cpp(29,3): error C3861: 'ArrayD': identifier not found [D:\projects\2024-misis-fall\misis2024f-24-02-kosenko-m-r\build.check\prj.check\prj.check\doctest_arrayd\doctest_arrayd.vcxproj]
     7>D:\projects\2024-misis-fall\misis2024f-24-02-kosenko-m-r\prj.check\prj.check\doctest_arrayd\doctest_arrayd.cpp(33,3): error C2065: 'ArrayD': undeclared identifier [D:\projects\2024-misis-fall\misis2024f-24-02-kosenko-m-r\build.check\prj.check\prj.check\doctest_arrayd\doctest_arrayd.vcxproj]
     7>D:\projects\2024-misis-fall\misis2024f-24-02-kosenko-m-r\prj.check\prj.check\doctest_arrayd\doctest_arrayd.cpp(33,10): error C2146: syntax error: missing ';' before identifier 'ar' [D:\projects\2024-misis-fall\misis2024f-24-02-kosenko-m-r\build.check\prj.check\prj.check\doctest_arrayd\doctest_arrayd.vcxproj]
     7>D:\projects\2024-misis-fall\misis2024f-24-02-kosenko-m-r\prj.check\prj.check\doctest_arrayd\doctest_arrayd.cpp(33,10): error C3861: 'ar': identifier not found [D:\projects\2024-misis-fall\misis2024f-24-02-kosenko-m-r\build.check\prj.check\prj.check\doctest_arrayd\doctest_arrayd.vcxproj]
     7>D:\projects\2024-misis-fall\misis2024f-24-02-kosenko-m-r\prj.check\prj.check\doctest_arrayd\doctest_arrayd.cpp(34,22): error C2065: 'ar': undeclared identifier [D:\projects\2024-misis-fall\misis2024f-24-02-kosenko-m-r\build.check\prj.check\prj.check\doctest_arrayd\doctest_arrayd.vcxproj]
     7>D:\projects\2024-misis-fall\misis2024f-24-02-kosenko-m-r\prj.check\prj.check\doctest_arrayd\doctest_arrayd.cpp(35,5): error C2065: 'ar': undeclared identifier [D:\projects\2024-misis-fall\misis2024f-24-02-kosenko-m-r\build.check\prj.check\prj.check\doctest_arrayd\doctest_arrayd.vcxproj]
     7>D:\projects\2024-misis-fall\misis2024f-24-02-kosenko-m-r\prj.check\prj.check\doctest_arrayd\doctest_arrayd.cpp(37,3): error C2065: 'ArrayD': undeclared identifier [D:\projects\2024-misis-fall\misis2024f-24-02-kosenko-m-r\build.check\prj.check\prj.check\doctest_arrayd\doctest_arrayd.vcxproj]
     7>D:\projects\2024-misis-fall\misis2024f-24-02-kosenko-m-r\prj.check\prj.check\doctest_arrayd\doctest_arrayd.cpp(37,10): error C2146: syntax error: missing ';' before identifier 'ar_copy' [D:\projects\2024-misis-fall\misis2024f-24-02-kosenko-m-r\build.check\prj.check\prj.check\doctest_arrayd\doctest_arrayd.vcxproj]
     7>D:\projects\2024-misis-fall\misis2024f-24-02-kosenko-m-r\prj.check\prj.check\doctest_arrayd\doctest_arrayd.cpp(37,18): error C2065: 'ar': undeclared identifier [D:\projects\2024-misis-fall\misis2024f-24-02-kosenko-m-r\build.check\prj.check\prj.check\doctest_arrayd\doctest_arrayd.vcxproj]
     7>D:\projects\2024-misis-fall\misis2024f-24-02-kosenko-m-r\prj.check\prj.check\doctest_arrayd\doctest_arrayd.cpp(37,10): error C3861: 'ar_copy': identifier not found [D:\projects\2024-misis-fall\misis2024f-24-02-kosenko-m-r\build.check\prj.check\prj.check\doctest_arrayd\doctest_arrayd.vcxproj]
     7>D:\projects\2024-misis-fall\misis2024f-24-02-kosenko-m-r\prj.check\prj.check\doctest_arrayd\doctest_arrayd.cpp(38,3): error C2065: 'ar': undeclared identifier [D:\projects\2024-misis-fall\misis2024f-24-02-kosenko-m-r\build.check\prj.check\prj.check\doctest_arrayd\doctest_arrayd.vcxproj]
     7>D:\projects\2024-misis-fall\misis2024f-24-02-kosenko-m-r\prj.check\prj.check\doctest_arrayd\doctest_arrayd.cpp(38,3): error C2065: 'ar_copy': undeclared identifier [D:\projects\2024-misis-fall\misis2024f-24-02-kosenko-m-r\build.check\prj.check\prj.check\doctest_arrayd\doctest_arrayd.vcxproj]
     7>D:\projects\2024-misis-fall\misis2024f-24-02-kosenko-m-r\prj.check\prj.check\doctest_arrayd\doctest_arrayd.cpp(39,22): error C2065: 'ar': undeclared identifier [D:\projects\2024-misis-fall\misis2024f-24-02-kosenko-m-r\build.check\prj.check\prj.check\doctest_arrayd\doctest_arrayd.vcxproj]
     7>D:\projects\2024-misis-fall\misis2024f-24-02-kosenko-m-r\prj.check\prj.check\doctest_arrayd\doctest_arrayd.cpp(40,5): error C2065: 'ar': undeclared identifier [D:\projects\2024-misis-fall\misis2024f-24-02-kosenko-m-r\build.check\prj.check\prj.check\doctest_arrayd\doctest_arrayd.vcxproj]
     7>D:\projects\2024-misis-fall\misis2024f-24-02-kosenko-m-r\prj.check\prj.check\doctest_arrayd\doctest_arrayd.cpp(40,5): error C2065: 'ar_copy': undeclared identifier [D:\projects\2024-misis-fall\misis2024f-24-02-kosenko-m-r\build.check\prj.check\prj.check\doctest_arrayd\doctest_arrayd.vcxproj]
     7>D:\projects\2024-misis-fall\misis2024f-24-02-kosenko-m-r\prj.check\prj.check\doctest_arrayd\doctest_arrayd.cpp(40,5): error C2512: 'doctest::Approx': no appropriate default constructor available [D:\projects\2024-misis-fall\misis2024f-24-02-kosenko-m-r\build.check\prj.check\prj.check\doctest_arrayd\doctest_arrayd.vcxproj]
     7>D:\projects\2024-misis-fall\misis2024f-24-02-kosenko-m-r\prj.check\prj.check\doctest_arrayd\doctest_arrayd.cpp(40,5): error C2672: 'doctest::detail::ResultBuilder::binary_assert': no matching overloaded function found [D:\projects\2024-misis-fall\misis2024f-24-02-kosenko-m-r\build.check\prj.check\prj.check\doctest_arrayd\doctest_arrayd.vcxproj]
     7>D:\projects\2024-misis-fall\misis2024f-24-02-kosenko-m-r\prj.check\prj.check\doctest_arrayd\doctest_arrayd.cpp(42,22): error C2065: 'ar': undeclared identifier [D:\projects\2024-misis-fall\misis2024f-24-02-kosenko-m-r\build.check\prj.check\prj.check\doctest_arrayd\doctest_arrayd.vcxproj]
     7>D:\projects\2024-misis-fall\misis2024f-24-02-kosenko-m-r\prj.check\prj.check\doctest_arrayd\doctest_arrayd.cpp(43,5): error C2065: 'ar': undeclared identifier [D:\projects\2024-misis-fall\misis2024f-24-02-kosenko-m-r\build.check\prj.check\prj.check\doctest_arrayd\doctest_arrayd.vcxproj]
     7>D:\projects\2024-misis-fall\misis2024f-24-02-kosenko-m-r\prj.check\prj.check\doctest_arrayd\doctest_arrayd.cpp(45,22): error C2065: 'ar': undeclared identifier [D:\projects\2024-misis-fall\misis2024f-24-02-kosenko-m-r\build.check\prj.check\prj.check\doctest_arrayd\doctest_arrayd.vcxproj]
     7>D:\projects\2024-misis-fall\misis2024f-24-02-kosenko-m-r\prj.check\prj.check\doctest_arrayd\doctest_arrayd.cpp(46,5): error C2065: 'ar': undeclared identifier [D:\projects\2024-misis-fall\misis2024f-24-02-kosenko-m-r\build.check\prj.check\prj.check\doctest_arrayd\doctest_arrayd.vcxproj]
     7>D:\projects\2024-misis-fall\misis2024f-24-02-kosenko-m-r\prj.check\prj.check\doctest_arrayd\doctest_arrayd.cpp(46,5): error C2065: 'ar_copy': undeclared identifier [D:\projects\2024-misis-fall\misis2024f-24-02-kosenko-m-r\build.check\prj.check\prj.check\doctest_arrayd\doctest_arrayd.vcxproj]
     7>D:\projects\2024-misis-fall\misis2024f-24-02-kosenko-m-r\prj.check\prj.check\doctest_arrayd\doctest_arrayd.cpp(46,5): error C2512: 'doctest::Approx': no appropriate default constructor available [D:\projects\2024-misis-fall\misis2024f-24-02-kosenko-m-r\build.check\prj.check\prj.check\doctest_arrayd\doctest_arrayd.vcxproj]
     7>D:\projects\2024-misis-fall\misis2024f-24-02-kosenko-m-r\prj.check\prj.check\doctest_arrayd\doctest_arrayd.cpp(46,5): error C2672: 'doctest::detail::ResultBuilder::binary_assert': no matching overloaded function found [D:\projects\2024-misis-fall\misis2024f-24-02-kosenko-m-r\build.check\prj.check\prj.check\doctest_arrayd\doctest_arrayd.vcxproj]
     7>D:\projects\2024-misis-fall\misis2024f-24-02-kosenko-m-r\prj.check\prj.check\doctest_arrayd\doctest_arrayd.cpp(51,3): error C2065: 'ArrayD': undeclared identifier [D:\projects\2024-misis-fall\misis2024f-24-02-kosenko-m-r\build.check\prj.check\prj.check\doctest_arrayd\doctest_arrayd.vcxproj]
     7>D:\projects\2024-misis-fall\misis2024f-24-02-kosenko-m-r\prj.check\prj.check\doctest_arrayd\doctest_arrayd.cpp(51,10): error C2146: syntax error: missing ';' before identifier 'ar' [D:\projects\2024-misis-fall\misis2024f-24-02-kosenko-m-r\build.check\prj.check\prj.check\doctest_arrayd\doctest_arrayd.vcxproj]
     7>D:\projects\2024-misis-fall\misis2024f-24-02-kosenko-m-r\prj.check\prj.check\doctest_arrayd\doctest_arrayd.cpp(51,10): error C3861: 'ar': identifier not found [D:\projects\2024-misis-fall\misis2024f-24-02-kosenko-m-r\build.check\prj.check\prj.check\doctest_arrayd\doctest_arrayd.vcxproj]
     7>D:\projects\2024-misis-fall\misis2024f-24-02-kosenko-m-r\prj.check\prj.check\doctest_arrayd\doctest_arrayd.cpp(52,22): error C2065: 'ar': undeclared identifier [D:\projects\2024-misis-fall\misis2024f-24-02-kosenko-m-r\build.check\prj.check\prj.check\doctest_arrayd\doctest_arrayd.vcxproj]
     7>D:\projects\2024-misis-fall\misis2024f-24-02-kosenko-m-r\prj.check\prj.check\doctest_arrayd\doctest_arrayd.cpp(53,5): error C2065: 'ar': undeclared identifier [D:\projects\2024-misis-fall\misis2024f-24-02-kosenko-m-r\build.check\prj.check\prj.check\doctest_arrayd\doctest_arrayd.vcxproj]
     7>D:\projects\2024-misis-fall\misis2024f-24-02-kosenko-m-r\prj.check\prj.check\doctest_arrayd\doctest_arrayd.cpp(57,3): error C2065: 'ar': undeclared identifier [D:\projects\2024-misis-fall\misis2024f-24-02-kosenko-m-r\build.check\prj.check\prj.check\doctest_arrayd\doctest_arrayd.vcxproj]
     7>D:\projects\2024-misis-fall\misis2024f-24-02-kosenko-m-r\prj.check\prj.check\doctest_arrayd\doctest_arrayd.cpp(57,8): error C2065: 'ar': undeclared identifier [D:\projects\2024-misis-fall\misis2024f-24-02-kosenko-m-r\build.check\prj.check\prj.check\doctest_arrayd\doctest_arrayd.vcxproj]
     7>D:\projects\2024-misis-fall\misis2024f-24-02-kosenko-m-r\prj.check\prj.check\doctest_arrayd\doctest_arrayd.cpp(58,22): error C2065: 'ar': undeclared identifier [D:\projects\2024-misis-fall\misis2024f-24-02-kosenko-m-r\build.check\prj.check\prj.check\doctest_arrayd\doctest_arrayd.vcxproj]
     7>D:\projects\2024-misis-fall\misis2024f-24-02-kosenko-m-r\prj.check\prj.check\doctest_arrayd\doctest_arrayd.cpp(59,33): error C2065: 'ar': undeclared identifier [D:\projects\2024-misis-fall\misis2024f-24-02-kosenko-m-r\build.check\prj.check\prj.check\doctest_arrayd\doctest_arrayd.vcxproj]
     7>D:\projects\2024-misis-fall\misis2024f-24-02-kosenko-m-r\prj.check\prj.check\doctest_arrayd\doctest_arrayd.cpp(64,3): error C2065: 'ArrayD': undeclared identifier [D:\projects\2024-misis-fall\misis2024f-24-02-kosenko-m-r\build.check\prj.check\prj.check\doctest_arrayd\doctest_arrayd.vcxproj]
     7>D:\projects\2024-misis-fall\misis2024f-24-02-kosenko-m-r\prj.check\prj.check\doctest_arrayd\doctest_arrayd.cpp(64,10): error C2146: syntax error: missing ';' before identifier 'ar_copy' [D:\projects\2024-misis-fall\misis2024f-24-02-kosenko-m-r\build.check\prj.check\prj.check\doctest_arrayd\doctest_arrayd.vcxproj]
     7>D:\projects\2024-misis-fall\misis2024f-24-02-kosenko-m-r\prj.check\prj.check\doctest_arrayd\doctest_arrayd.cpp(64,10): error C2065: 'ar_copy': undeclared identifier [D:\projects\2024-misis-fall\misis2024f-24-02-kosenko-m-r\build.check\prj.check\prj.check\doctest_arrayd\doctest_arrayd.vcxproj]
     7>D:\projects\2024-misis-fall\misis2024f-24-02-kosenko-m-r\prj.check\prj.check\doctest_arrayd\doctest_arrayd.cpp(65,3): error C2065: 'ar': undeclared identifier [D:\projects\2024-misis-fall\misis2024f-24-02-kosenko-m-r\build.check\prj.check\prj.check\doctest_arrayd\doctest_arrayd.vcxproj]
     7>D:\projects\2024-misis-fall\misis2024f-24-02-kosenko-m-r\prj.check\prj.check\doctest_arrayd\doctest_arrayd.cpp(65,3): error C2065: 'ar_copy': undeclared identifier [D:\projects\2024-misis-fall\misis2024f-24-02-kosenko-m-r\build.check\prj.check\prj.check\doctest_arrayd\doctest_arrayd.vcxproj]
     7>D:\projects\2024-misis-fall\misis2024f-24-02-kosenko-m-r\prj.check\prj.check\doctest_arrayd\doctest_arrayd.cpp(66,3): error C2065: 'ar_copy': undeclared identifier [D:\projects\2024-misis-fall\misis2024f-24-02-kosenko-m-r\build.check\prj.check\prj.check\doctest_arrayd\doctest_arrayd.vcxproj]
     7>D:\projects\2024-misis-fall\misis2024f-24-02-kosenko-m-r\prj.check\prj.check\doctest_arrayd\doctest_arrayd.cpp(66,13): error C2065: 'ar': undeclared identifier [D:\projects\2024-misis-fall\misis2024f-24-02-kosenko-m-r\build.check\prj.check\prj.check\doctest_arrayd\doctest_arrayd.vcxproj]
     7>D:\projects\2024-misis-fall\misis2024f-24-02-kosenko-m-r\prj.check\prj.check\doctest_arrayd\doctest_arrayd.cpp(67,16): error C2065: 'ar': undeclared identifier [D:\projects\2024-misis-fall\misis2024f-24-02-kosenko-m-r\build.check\prj.check\prj.check\doctest_arrayd\doctest_arrayd.vcxproj]
     7>D:\projects\2024-misis-fall\misis2024f-24-02-kosenko-m-r\prj.check\prj.check\doctest_arrayd\doctest_arrayd.cpp(67,29): error C2065: 'ar_copy': undeclared identifier [D:\projects\2024-misis-fall\misis2024f-24-02-kosenko-m-r\build.check\prj.check\prj.check\doctest_arrayd\doctest_arrayd.vcxproj]
     7>D:\projects\2024-misis-fall\misis2024f-24-02-kosenko-m-r\prj.check\prj.check\doctest_arrayd\doctest_arrayd.cpp(68,22): error C2065: 'ar': undeclared identifier [D:\projects\2024-misis-fall\misis2024f-24-02-kosenko-m-r\build.check\prj.check\prj.check\doctest_arrayd\doctest_arrayd.vcxproj]
     7>D:\projects\2024-misis-fall\misis2024f-24-02-kosenko-m-r\prj.check\prj.check\doctest_arrayd\doctest_arrayd.cpp(69,33): error C2065: 'ar': undeclared identifier [D:\projects\2024-misis-fall\misis2024f-24-02-kosenko-m-r\build.check\prj.check\prj.check\doctest_arrayd\doctest_arrayd.vcxproj]
     7>D:\projects\2024-misis-fall\misis2024f-24-02-kosenko-m-r\prj.check\prj.check\doctest_arrayd\doctest_arrayd.cpp(69,58): error C2065: 'ar_copy': undeclared identifier [D:\projects\2024-misis-fall\misis2024f-24-02-kosenko-m-r\build.check\prj.check\prj.check\doctest_arrayd\doctest_arrayd.vcxproj]
     7>D:\projects\2024-misis-fall\misis2024f-24-02-kosenko-m-r\prj.check\prj.check\doctest_arrayd\doctest_arrayd.cpp(69,57): error C2512: 'doctest::Approx': no appropriate default constructor available [D:\projects\2024-misis-fall\misis2024f-24-02-kosenko-m-r\build.check\prj.check\prj.check\doctest_arrayd\doctest_arrayd.vcxproj]
     7>D:\projects\2024-misis-fall\misis2024f-24-02-kosenko-m-r\prj.check\prj.check\doctest_arrayd\doctest_arrayd.cpp(73,22): error C2065: 'ar': undeclared identifier [D:\projects\2024-misis-fall\misis2024f-24-02-kosenko-m-r\build.check\prj.check\prj.check\doctest_arrayd\doctest_arrayd.vcxproj]
     7>D:\projects\2024-misis-fall\misis2024f-24-02-kosenko-m-r\prj.check\prj.check\doctest_arrayd\doctest_arrayd.cpp(74,5): error C2065: 'ar': undeclared identifier [D:\projects\2024-misis-fall\misis2024f-24-02-kosenko-m-r\build.check\prj.check\prj.check\doctest_arrayd\doctest_arrayd.vcxproj]
     7>D:\projects\2024-misis-fall\misis2024f-24-02-kosenko-m-r\prj.check\prj.check\doctest_arrayd\doctest_arrayd.cpp(76,22): error C2065: 'ar': undeclared identifier [D:\projects\2024-misis-fall\misis2024f-24-02-kosenko-m-r\build.check\prj.check\prj.check\doctest_arrayd\doctest_arrayd.vcxproj]
     7>D:\projects\2024-misis-fall\misis2024f-24-02-kosenko-m-r\prj.check\prj.check\doctest_arrayd\doctest_arrayd.cpp(77,33): error C2065: 'ar': undeclared identifier [D:\projects\2024-misis-fall\misis2024f-24-02-kosenko-m-r\build.check\prj.check\prj.check\doctest_arrayd\doctest_arrayd.vcxproj]
     7>D:\projects\2024-misis-fall\misis2024f-24-02-kosenko-m-r\prj.check\prj.check\doctest_arrayd\doctest_arrayd.cpp(77,58): error C2065: 'ar_copy': undeclared identifier [D:\projects\2024-misis-fall\misis2024f-24-02-kosenko-m-r\build.check\prj.check\prj.check\doctest_arrayd\doctest_arrayd.vcxproj]
     7>D:\projects\2024-misis-fall\misis2024f-24-02-kosenko-m-r\prj.check\prj.check\doctest_arrayd\doctest_arrayd.cpp(77,57): error C2512: 'doctest::Approx': no appropriate default constructor available [D:\projects\2024-misis-fall\misis2024f-24-02-kosenko-m-r\build.check\prj.check\prj.check\doctest_arrayd\doctest_arrayd.vcxproj]
     7>D:\projects\2024-misis-fall\misis2024f-24-02-kosenko-m-r\prj.check\prj.check\doctest_arrayd\doctest_arrayd.cpp(83,3): error C2065: 'ArrayD': undeclared identifier [D:\projects\2024-misis-fall\misis2024f-24-02-kosenko-m-r\build.check\prj.check\prj.check\doctest_arrayd\doctest_arrayd.vcxproj]
     7>D:\projects\2024-misis-fall\misis2024f-24-02-kosenko-m-r\prj.check\prj.check\doctest_arrayd\doctest_arrayd.cpp(83,10): error C2146: syntax error: missing ';' before identifier 'ar100' [D:\projects\2024-misis-fall\misis2024f-24-02-kosenko-m-r\build.check\prj.check\prj.check\doctest_arrayd\doctest_arrayd.vcxproj]
     7>D:\projects\2024-misis-fall\misis2024f-24-02-kosenko-m-r\prj.check\prj.check\doctest_arrayd\doctest_arrayd.cpp(83,10): error C3861: 'ar100': identifier not found [D:\projects\2024-misis-fall\misis2024f-24-02-kosenko-m-r\build.check\prj.check\prj.check\doctest_arrayd\doctest_arrayd.vcxproj]
     7>D:\projects\2024-misis-fall\misis2024f-24-02-kosenko-m-r\prj.check\prj.check\doctest_arrayd\doctest_arrayd.cpp(84,22): error C2065: 'ar100': undeclared identifier [D:\projects\2024-misis-fall\misis2024f-24-02-kosenko-m-r\build.check\prj.check\prj.check\doctest_arrayd\doctest_arrayd.vcxproj]
     7>D:\projects\2024-misis-fall\misis2024f-24-02-kosenko-m-r\prj.check\prj.check\doctest_arrayd\doctest_arrayd.cpp(85,5): error C2065: 'ar100': undeclared identifier [D:\projects\2024-misis-fall\misis2024f-24-02-kosenko-m-r\build.check\prj.check\prj.check\doctest_arrayd\doctest_arrayd.vcxproj]
     7>D:\projects\2024-misis-fall\misis2024f-24-02-kosenko-m-r\prj.check\prj.check\doctest_arrayd\doctest_arrayd.cpp(87,3): error C2065: 'ar_copy': undeclared identifier [D:\projects\2024-misis-fall\misis2024f-24-02-kosenko-m-r\build.check\prj.check\prj.check\doctest_arrayd\doctest_arrayd.vcxproj]
     7>D:\projects\2024-misis-fall\misis2024f-24-02-kosenko-m-r\prj.check\prj.check\doctest_arrayd\doctest_arrayd.cpp(87,13): error C2065: 'ar100': undeclared identifier [D:\projects\2024-misis-fall\misis2024f-24-02-kosenko-m-r\build.check\prj.check\prj.check\doctest_arrayd\doctest_arrayd.vcxproj]
     7>D:\projects\2024-misis-fall\misis2024f-24-02-kosenko-m-r\prj.check\prj.check\doctest_arrayd\doctest_arrayd.cpp(88,22): error C2065: 'ar': undeclared identifier [D:\projects\2024-misis-fall\misis2024f-24-02-kosenko-m-r\build.check\prj.check\prj.check\doctest_arrayd\doctest_arrayd.vcxproj]
     7>D:\projects\2024-misis-fall\misis2024f-24-02-kosenko-m-r\prj.check\prj.check\doctest_arrayd\doctest_arrayd.cpp(89,33): error C2065: 'ar100': undeclared identifier [D:\projects\2024-misis-fall\misis2024f-24-02-kosenko-m-r\build.check\prj.check\prj.check\doctest_arrayd\doctest_arrayd.vcxproj]
     7>D:\projects\2024-misis-fall\misis2024f-24-02-kosenko-m-r\prj.check\prj.check\doctest_arrayd\doctest_arrayd.cpp(89,61): error C2065: 'ar_copy': undeclared identifier [D:\projects\2024-misis-fall\misis2024f-24-02-kosenko-m-r\build.check\prj.check\prj.check\doctest_arrayd\doctest_arrayd.vcxproj]
     7>D:\projects\2024-misis-fall\misis2024f-24-02-kosenko-m-r\prj.check\prj.check\doctest_arrayd\doctest_arrayd.cpp(89,60): error C2512: 'doctest::Approx': no appropriate default constructor available [D:\projects\2024-misis-fall\misis2024f-24-02-kosenko-m-r\build.check\prj.check\prj.check\doctest_arrayd\doctest_arrayd.vcxproj]
     7>D:\projects\2024-misis-fall\misis2024f-24-02-kosenko-m-r\prj.check\prj.check\doctest_arrayd\doctest_arrayd.cpp(97,3): error C2065: 'ArrayD': undeclared identifier [D:\projects\2024-misis-fall\misis2024f-24-02-kosenko-m-r\build.check\prj.check\prj.check\doctest_arrayd\doctest_arrayd.vcxproj]
     7>D:\projects\2024-misis-fall\misis2024f-24-02-kosenko-m-r\prj.check\prj.check\doctest_arrayd\doctest_arrayd.cpp(97,10): error C2146: syntax error: missing ';' before identifier 'ar' [D:\projects\2024-misis-fall\misis2024f-24-02-kosenko-m-r\build.check\prj.check\prj.check\doctest_arrayd\doctest_arrayd.vcxproj]
     7>D:\projects\2024-misis-fall\misis2024f-24-02-kosenko-m-r\prj.check\prj.check\doctest_arrayd\doctest_arrayd.cpp(97,10): error C3861: 'ar': identifier not found [D:\projects\2024-misis-fall\misis2024f-24-02-kosenko-m-r\build.check\prj.check\prj.check\doctest_arrayd\doctest_arrayd.vcxproj]
     7>D:\projects\2024-misis-fall\misis2024f-24-02-kosenko-m-r\prj.check\prj.check\doctest_arrayd\doctest_arrayd.cpp(98,3): error C2065: 'ar': undeclared identifier [D:\projects\2024-misis-fall\misis2024f-24-02-kosenko-m-r\build.check\prj.check\prj.check\doctest_arrayd\doctest_arrayd.vcxproj]
     7>D:\projects\2024-misis-fall\misis2024f-24-02-kosenko-m-r\prj.check\prj.check\doctest_arrayd\doctest_arrayd.cpp(99,3): error C2065: 'ar': undeclared identifier [D:\projects\2024-misis-fall\misis2024f-24-02-kosenko-m-r\build.check\prj.check\prj.check\doctest_arrayd\doctest_arrayd.vcxproj]
     7>D:\projects\2024-misis-fall\misis2024f-24-02-kosenko-m-r\prj.check\prj.check\doctest_arrayd\doctest_arrayd.cpp(100,3): error C2065: 'ar': undeclared identifier [D:\projects\2024-misis-fall\misis2024f-24-02-kosenko-m-r\build.check\prj.check\prj.check\doctest_arrayd\doctest_arrayd.vcxproj]
     7>D:\projects\2024-misis-fall\misis2024f-24-02-kosenko-m-r\prj.check\prj.check\doctest_arrayd\doctest_arrayd.cpp(101,3): error C2065: 'ar': undeclared identifier [D:\projects\2024-misis-fall\misis2024f-24-02-kosenko-m-r\build.check\prj.check\prj.check\doctest_arrayd\doctest_arrayd.vcxproj]
     7>D:\projects\2024-misis-fall\misis2024f-24-02-kosenko-m-r\prj.check\prj.check\doctest_arrayd\doctest_arrayd.cpp(102,21): error C2065: 'ar': undeclared identifier [D:\projects\2024-misis-fall\misis2024f-24-02-kosenko-m-r\build.check\prj.check\prj.check\doctest_arrayd\doctest_arrayd.vcxproj]
     7>D:\projects\2024-misis-fall\misis2024f-24-02-kosenko-m-r\prj.check\prj.check\doctest_arrayd\doctest_arrayd.cpp(103,3): error C2065: 'ar': undeclared identifier [D:\projects\2024-misis-fall\misis2024f-24-02-kosenko-m-r\build.check\prj.check\prj.check\doctest_arrayd\doctest_arrayd.vcxproj]
     7>D:\projects\2024-misis-fall\misis2024f-24-02-kosenko-m-r\prj.check\prj.check\doctest_arrayd\doctest_arrayd.cpp(104,3): error C2065: 'ar': undeclared identifier [D:\projects\2024-misis-fall\misis2024f-24-02-kosenko-m-r\build.check\prj.check\prj.check\doctest_arrayd\doctest_arrayd.vcxproj]
     7>D:\projects\2024-misis-fall\misis2024f-24-02-kosenko-m-r\prj.check\prj.check\doctest_arrayd\doctest_arrayd.cpp(110,3): error C2065: 'ArrayD': undeclared identifier [D:\projects\2024-misis-fall\misis2024f-24-02-kosenko-m-r\build.check\prj.check\prj.check\doctest_arrayd\doctest_arrayd.vcxproj]
     7>D:\projects\2024-misis-fall\misis2024f-24-02-kosenko-m-r\prj.check\prj.check\doctest_arrayd\doctest_arrayd.cpp(110,10): error C2146: syntax error: missing ';' before identifier 'ar' [D:\projects\2024-misis-fall\misis2024f-24-02-kosenko-m-r\build.check\prj.check\prj.check\doctest_arrayd\doctest_arrayd.vcxproj]
     7>D:\projects\2024-misis-fall\misis2024f-24-02-kosenko-m-r\prj.check\prj.check\doctest_arrayd\doctest_arrayd.cpp(110,10): error C3861: 'ar': identifier not found [D:\projects\2024-misis-fall\misis2024f-24-02-kosenko-m-r\build.check\prj.check\prj.check\doctest_arrayd\doctest_arrayd.vcxproj]
     7>D:\projects\2024-misis-fall\misis2024f-24-02-kosenko-m-r\prj.check\prj.check\doctest_arrayd\doctest_arrayd.cpp(111,22): error C2065: 'ar': undeclared identifier [D:\projects\2024-misis-fall\misis2024f-24-02-kosenko-m-r\build.check\prj.check\prj.check\doctest_arrayd\doctest_arrayd.vcxproj]
     7>D:\projects\2024-misis-fall\misis2024f-24-02-kosenko-m-r\prj.check\prj.check\doctest_arrayd\doctest_arrayd.cpp(112,5): error C2065: 'ar': undeclared identifier [D:\projects\2024-misis-fall\misis2024f-24-02-kosenko-m-r\build.check\prj.check\prj.check\doctest_arrayd\doctest_arrayd.vcxproj]
     7>D:\projects\2024-misis-fall\misis2024f-24-02-kosenko-m-r\prj.check\prj.check\doctest_arrayd\doctest_arrayd.cpp(114,3): error C2065: 'ar': undeclared identifier [D:\projects\2024-misis-fall\misis2024f-24-02-kosenko-m-r\build.check\prj.check\prj.check\doctest_arrayd\doctest_arrayd.vcxproj]
     7>D:\projects\2024-misis-fall\misis2024f-24-02-kosenko-m-r\prj.check\prj.check\doctest_arrayd\doctest_arrayd.cpp(116,22): error C2065: 'ar': undeclared identifier [D:\projects\2024-misis-fall\misis2024f-24-02-kosenko-m-r\build.check\prj.check\prj.check\doctest_arrayd\doctest_arrayd.vcxproj]
     7>D:\projects\2024-misis-fall\misis2024f-24-02-kosenko-m-r\prj.check\prj.check\doctest_arrayd\doctest_arrayd.cpp(117,35): error C2065: 'ar': undeclared identifier [D:\projects\2024-misis-fall\misis2024f-24-02-kosenko-m-r\build.check\prj.check\prj.check\doctest_arrayd\doctest_arrayd.vcxproj]
     7>D:\projects\2024-misis-fall\misis2024f-24-02-kosenko-m-r\prj.check\prj.check\doctest_arrayd\doctest_arrayd.cpp(121,3): error C2065: 'ar': undeclared identifier [D:\projects\2024-misis-fall\misis2024f-24-02-kosenko-m-r\build.check\prj.check\prj.check\doctest_arrayd\doctest_arrayd.vcxproj]
     7>D:\projects\2024-misis-fall\misis2024f-24-02-kosenko-m-r\prj.check\prj.check\doctest_arrayd\doctest_arrayd.cpp(123,35): error C2065: 'ar': undeclared identifier [D:\projects\2024-misis-fall\misis2024f-24-02-kosenko-m-r\build.check\prj.check\prj.check\doctest_arrayd\doctest_arrayd.vcxproj]
     7>D:\projects\2024-misis-fall\misis2024f-24-02-kosenko-m-r\prj.check\prj.check\doctest_arrayd\doctest_arrayd.cpp(129,35): error C2065: 'ar': undeclared identifier [D:\projects\2024-misis-fall\misis2024f-24-02-kosenko-m-r\build.check\prj.check\prj.check\doctest_arrayd\doctest_arrayd.vcxproj]
     7>D:\projects\2024-misis-fall\misis2024f-24-02-kosenko-m-r\prj.check\prj.check\doctest_arrayd\doctest_arrayd.cpp(134,3): error C2065: 'ar': undeclared identifier [D:\projects\2024-misis-fall\misis2024f-24-02-kosenko-m-r\build.check\prj.check\prj.check\doctest_arrayd\doctest_arrayd.vcxproj]
     7>D:\projects\2024-misis-fall\misis2024f-24-02-kosenko-m-r\prj.check\prj.check\doctest_arrayd\doctest_arrayd.cpp(135,3): error C2065: 'ar': undeclared identifier [D:\projects\2024-misis-fall\misis2024f-24-02-kosenko-m-r\build.check\prj.check\prj.check\doctest_arrayd\doctest_arrayd.vcxproj]
     7>D:\projects\2024-misis-fall\misis2024f-24-02-kosenko-m-r\prj.check\prj.check\doctest_arrayd\doctest_arrayd.cpp(136,3): error C2065: 'ar': undeclared identifier [D:\projects\2024-misis-fall\misis2024f-24-02-kosenko-m-r\build.check\prj.check\prj.check\doctest_arrayd\doctest_arrayd.vcxproj]
     7>D:\projects\2024-misis-fall\misis2024f-24-02-kosenko-m-r\prj.check\prj.check\doctest_arrayd\doctest_arrayd.cpp(136,3): error C1003: error count exceeds 100; stopping compilation [D:\projects\2024-misis-fall\misis2024f-24-02-kosenko-m-r\build.check\prj.check\prj.check\doctest_arrayd\doctest_arrayd.vcxproj]
    11>D:\programs\vcpkg\installed\x64-windows\include\doctest\doctest.h(7085,5): error C2731: 'main': function cannot be overloaded [D:\projects\2024-misis-fall\misis2024f-24-02-kosenko-m-r\build.check\prj.check\prj.check\doctest_rational\doctest_rational.vcxproj]
    11>D:\projects\2024-misis-fall\misis2024f-24-02-kosenko-m-r\prj.check\prj.check\doctest_rational\doctest_rational.cpp(14,3): error C2440: '<function-style-cast>': cannot convert from 'initializer list' to 'Rational' [D:\projects\2024-misis-fall\misis2024f-24-02-kosenko-m-r\build.check\prj.check\prj.check\doctest_rational\doctest_rational.vcxproj]
    11>D:\projects\2024-misis-fall\misis2024f-24-02-kosenko-m-r\prj.check\prj.check\doctest_rational\doctest_rational.cpp(15,3): error C2440: '<function-style-cast>': cannot convert from 'initializer list' to 'Rational' [D:\projects\2024-misis-fall\misis2024f-24-02-kosenko-m-r\build.check\prj.check\prj.check\doctest_rational\doctest_rational.vcxproj]
    11>D:\projects\2024-misis-fall\misis2024f-24-02-kosenko-m-r\prj.check\prj.check\doctest_rational\doctest_rational.cpp(16,3): error C2440: '<function-style-cast>': cannot convert from 'initializer list' to 'Rational' [D:\projects\2024-misis-fall\misis2024f-24-02-kosenko-m-r\build.check\prj.check\prj.check\doctest_rational\doctest_rational.vcxproj]
    11>D:\projects\2024-misis-fall\misis2024f-24-02-kosenko-m-r\prj.check\prj.check\doctest_rational\doctest_rational.cpp(17,3): error C2440: '<function-style-cast>': cannot convert from 'initializer list' to 'Rational' [D:\projects\2024-misis-fall\misis2024f-24-02-kosenko-m-r\build.check\prj.check\prj.check\doctest_rational\doctest_rational.vcxproj]
    11>D:\projects\2024-misis-fall\misis2024f-24-02-kosenko-m-r\prj.check\prj.check\doctest_rational\doctest_rational.cpp(18,3): error C2440: '<function-style-cast>': cannot convert from 'initializer list' to 'Rational' [D:\projects\2024-misis-fall\misis2024f-24-02-kosenko-m-r\build.check\prj.check\prj.check\doctest_rational\doctest_rational.vcxproj]
    11>D:\projects\2024-misis-fall\misis2024f-24-02-kosenko-m-r\prj.check\prj.check\doctest_rational\doctest_rational.cpp(19,3): error C2440: '<function-style-cast>': cannot convert from 'initializer list' to 'Rational' [D:\projects\2024-misis-fall\misis2024f-24-02-kosenko-m-r\build.check\prj.check\prj.check\doctest_rational\doctest_rational.vcxproj]
    11>D:\projects\2024-misis-fall\misis2024f-24-02-kosenko-m-r\prj.check\prj.check\doctest_rational\doctest_rational.cpp(20,3): error C2440: '<function-style-cast>': cannot convert from 'initializer list' to 'Rational' [D:\projects\2024-misis-fall\misis2024f-24-02-kosenko-m-r\build.check\prj.check\prj.check\doctest_rational\doctest_rational.vcxproj]
    11>D:\projects\2024-misis-fall\misis2024f-24-02-kosenko-m-r\prj.check\prj.check\doctest_rational\doctest_rational.cpp(21,3): error C2440: '<function-style-cast>': cannot convert from 'initializer list' to 'Rational' [D:\projects\2024-misis-fall\misis2024f-24-02-kosenko-m-r\build.check\prj.check\prj.check\doctest_rational\doctest_rational.vcxproj]
    11>D:\projects\2024-misis-fall\misis2024f-24-02-kosenko-m-r\prj.check\prj.check\doctest_rational\doctest_rational.cpp(22,3): error C2440: '<function-style-cast>': cannot convert from 'initializer list' to 'Rational' [D:\projects\2024-misis-fall\misis2024f-24-02-kosenko-m-r\build.check\prj.check\prj.check\doctest_rational\doctest_rational.vcxproj]
    11>D:\projects\2024-misis-fall\misis2024f-24-02-kosenko-m-r\prj.check\prj.check\doctest_rational\doctest_rational.cpp(29,3): error C2675: unary '-': 'Rational' does not define this operator or a conversion to a type acceptable to the predefined operator [D:\projects\2024-misis-fall\misis2024f-24-02-kosenko-m-r\build.check\prj.check\prj.check\doctest_rational\doctest_rational.vcxproj]
    11>D:\projects\2024-misis-fall\misis2024f-24-02-kosenko-m-r\prj.check\prj.check\doctest_rational\doctest_rational.cpp(29,3): error C2088: '-': illegal for class [D:\projects\2024-misis-fall\misis2024f-24-02-kosenko-m-r\build.check\prj.check\prj.check\doctest_rational\doctest_rational.vcxproj]
    11>D:\projects\2024-misis-fall\misis2024f-24-02-kosenko-m-r\prj.check\prj.check\doctest_rational\doctest_rational.cpp(29,3): error C2672: 'doctest::detail::ResultBuilder::binary_assert': no matching overloaded function found [D:\projects\2024-misis-fall\misis2024f-24-02-kosenko-m-r\build.check\prj.check\prj.check\doctest_rational\doctest_rational.vcxproj]
    11>D:\projects\2024-misis-fall\misis2024f-24-02-kosenko-m-r\prj.check\prj.check\doctest_rational\doctest_rational.cpp(30,3): error C2440: '<function-style-cast>': cannot convert from 'initializer list' to 'Rational' [D:\projects\2024-misis-fall\misis2024f-24-02-kosenko-m-r\build.check\prj.check\prj.check\doctest_rational\doctest_rational.vcxproj]
    11>D:\projects\2024-misis-fall\misis2024f-24-02-kosenko-m-r\prj.check\prj.check\doctest_rational\doctest_rational.cpp(30,3): error C2672: 'doctest::detail::ResultBuilder::binary_assert': no matching overloaded function found [D:\projects\2024-misis-fall\misis2024f-24-02-kosenko-m-r\build.check\prj.check\prj.check\doctest_rational\doctest_rational.vcxproj]
    11>D:\projects\2024-misis-fall\misis2024f-24-02-kosenko-m-r\prj.check\prj.check\doctest_rational\doctest_rational.cpp(31,3): error C2440: '<function-style-cast>': cannot convert from 'initializer list' to 'Rational' [D:\projects\2024-misis-fall\misis2024f-24-02-kosenko-m-r\build.check\prj.check\prj.check\doctest_rational\doctest_rational.vcxproj]
    11>D:\projects\2024-misis-fall\misis2024f-24-02-kosenko-m-r\prj.check\prj.check\doctest_rational\doctest_rational.cpp(31,3): error C2672: 'doctest::detail::ResultBuilder::binary_assert': no matching overloaded function found [D:\projects\2024-misis-fall\misis2024f-24-02-kosenko-m-r\build.check\prj.check\prj.check\doctest_rational\doctest_rational.vcxproj]
    11>D:\projects\2024-misis-fall\misis2024f-24-02-kosenko-m-r\prj.check\prj.check\doctest_rational\doctest_rational.cpp(35,3): error C2440: '<function-style-cast>': cannot convert from 'initializer list' to 'Rational' [D:\projects\2024-misis-fall\misis2024f-24-02-kosenko-m-r\build.check\prj.check\prj.check\doctest_rational\doctest_rational.vcxproj]
    10>D:\programs\vcpkg\installed\x64-windows\include\doctest\doctest.h(7085,5): error C2731: 'main': function cannot be overloaded [D:\projects\2024-misis-fall\misis2024f-24-02-kosenko-m-r\build.check\prj.check\prj.check\doctest_rational\doctest_rational_io.vcxproj]
    11>D:\projects\2024-misis-fall\misis2024f-24-02-kosenko-m-r\prj.check\prj.check\doctest_rational\doctest_rational.cpp(36,3): error C2440: '<function-style-cast>': cannot convert from 'initializer list' to 'Rational' [D:\projects\2024-misis-fall\misis2024f-24-02-kosenko-m-r\build.check\prj.check\prj.check\doctest_rational\doctest_rational.vcxproj]
    11>D:\projects\2024-misis-fall\misis2024f-24-02-kosenko-m-r\prj.check\prj.check\doctest_rational\doctest_rational.cpp(37,3): error C2440: '<function-style-cast>': cannot convert from 'initializer list' to 'Rational' [D:\projects\2024-misis-fall\misis2024f-24-02-kosenko-m-r\build.check\prj.check\prj.check\doctest_rational\doctest_rational.vcxproj]
    11>D:\projects\2024-misis-fall\misis2024f-24-02-kosenko-m-r\prj.check\prj.check\doctest_rational\doctest_rational.cpp(38,3): error C2440: '<function-style-cast>': cannot convert from 'initializer list' to 'Rational' [D:\projects\2024-misis-fall\misis2024f-24-02-kosenko-m-r\build.check\prj.check\prj.check\doctest_rational\doctest_rational.vcxproj]
    11>D:\projects\2024-misis-fall\misis2024f-24-02-kosenko-m-r\prj.check\prj.check\doctest_rational\doctest_rational.cpp(42,3): error C2440: '<function-style-cast>': cannot convert from 'initializer list' to 'Rational' [D:\projects\2024-misis-fall\misis2024f-24-02-kosenko-m-r\build.check\prj.check\prj.check\doctest_rational\doctest_rational.vcxproj]
    11>D:\projects\2024-misis-fall\misis2024f-24-02-kosenko-m-r\prj.check\prj.check\doctest_rational\doctest_rational.cpp(43,3): error C2440: '<function-style-cast>': cannot convert from 'initializer list' to 'Rational' [D:\projects\2024-misis-fall\misis2024f-24-02-kosenko-m-r\build.check\prj.check\prj.check\doctest_rational\doctest_rational.vcxproj]
    11>D:\projects\2024-misis-fall\misis2024f-24-02-kosenko-m-r\prj.check\prj.check\doctest_rational\doctest_rational.cpp(44,3): error C2440: '<function-style-cast>': cannot convert from 'initializer list' to 'Rational' [D:\projects\2024-misis-fall\misis2024f-24-02-kosenko-m-r\build.check\prj.check\prj.check\doctest_rational\doctest_rational.vcxproj]
    11>D:\projects\2024-misis-fall\misis2024f-24-02-kosenko-m-r\prj.check\prj.check\doctest_rational\doctest_rational.cpp(45,3): error C2440: '<function-style-cast>': cannot convert from 'initializer list' to 'Rational' [D:\projects\2024-misis-fall\misis2024f-24-02-kosenko-m-r\build.check\prj.check\prj.check\doctest_rational\doctest_rational.vcxproj]
    11>D:\projects\2024-misis-fall\misis2024f-24-02-kosenko-m-r\prj.check\prj.check\doctest_rational\doctest_rational.cpp(49,3): error C2440: '<function-style-cast>': cannot convert from 'initializer list' to 'Rational' [D:\projects\2024-misis-fall\misis2024f-24-02-kosenko-m-r\build.check\prj.check\prj.check\doctest_rational\doctest_rational.vcxproj]
    11>D:\projects\2024-misis-fall\misis2024f-24-02-kosenko-m-r\prj.check\prj.check\doctest_rational\doctest_rational.cpp(50,3): error C2440: '<function-style-cast>': cannot convert from 'initializer list' to 'Rational' [D:\projects\2024-misis-fall\misis2024f-24-02-kosenko-m-r\build.check\prj.check\prj.check\doctest_rational\doctest_rational.vcxproj]
    11>D:\projects\2024-misis-fall\misis2024f-24-02-kosenko-m-r\prj.check\prj.check\doctest_rational\doctest_rational.cpp(51,3): error C2440: '<function-style-cast>': cannot convert from 'initializer list' to 'Rational' [D:\projects\2024-misis-fall\misis2024f-24-02-kosenko-m-r\build.check\prj.check\prj.check\doctest_rational\doctest_rational.vcxproj]
    11>D:\projects\2024-misis-fall\misis2024f-24-02-kosenko-m-r\prj.check\prj.check\doctest_rational\doctest_rational.cpp(52,3): error C2440: '<function-style-cast>': cannot convert from 'initializer list' to 'Rational' [D:\projects\2024-misis-fall\misis2024f-24-02-kosenko-m-r\build.check\prj.check\prj.check\doctest_rational\doctest_rational.vcxproj]
    11>D:\projects\2024-misis-fall\misis2024f-24-02-kosenko-m-r\prj.check\prj.check\doctest_rational\doctest_rational.cpp(56,3): error C2440: '<function-style-cast>': cannot convert from 'initializer list' to 'Rational' [D:\projects\2024-misis-fall\misis2024f-24-02-kosenko-m-r\build.check\prj.check\prj.check\doctest_rational\doctest_rational.vcxproj]
    11>D:\projects\2024-misis-fall\misis2024f-24-02-kosenko-m-r\prj.check\prj.check\doctest_rational\doctest_rational.cpp(57,3): error C2440: '<function-style-cast>': cannot convert from 'initializer list' to 'Rational' [D:\projects\2024-misis-fall\misis2024f-24-02-kosenko-m-r\build.check\prj.check\prj.check\doctest_rational\doctest_rational.vcxproj]
    11>D:\projects\2024-misis-fall\misis2024f-24-02-kosenko-m-r\prj.check\prj.check\doctest_rational\doctest_rational.cpp(58,3): error C2440: '<function-style-cast>': cannot convert from 'initializer list' to 'Rational' [D:\projects\2024-misis-fall\misis2024f-24-02-kosenko-m-r\build.check\prj.check\prj.check\doctest_rational\doctest_rational.vcxproj]
    11>D:\projects\2024-misis-fall\misis2024f-24-02-kosenko-m-r\prj.check\prj.check\doctest_rational\doctest_rational.cpp(59,3): error C2440: '<function-style-cast>': cannot convert from 'initializer list' to 'Rational' [D:\projects\2024-misis-fall\misis2024f-24-02-kosenko-m-r\build.check\prj.check\prj.check\doctest_rational\doctest_rational.vcxproj]
    11>D:\projects\2024-misis-fall\misis2024f-24-02-kosenko-m-r\prj.check\prj.check\doctest_rational\doctest_rational.cpp(63,3): error C2440: '<function-style-cast>': cannot convert from 'initializer list' to 'Rational' [D:\projects\2024-misis-fall\misis2024f-24-02-kosenko-m-r\build.check\prj.check\prj.check\doctest_rational\doctest_rational.vcxproj]
    11>D:\projects\2024-misis-fall\misis2024f-24-02-kosenko-m-r\prj.check\prj.check\doctest_rational\doctest_rational.cpp(64,3): error C2440: '<function-style-cast>': cannot convert from 'initializer list' to 'Rational' [D:\projects\2024-misis-fall\misis2024f-24-02-kosenko-m-r\build.check\prj.check\prj.check\doctest_rational\doctest_rational.vcxproj]
    11>D:\projects\2024-misis-fall\misis2024f-24-02-kosenko-m-r\prj.check\prj.check\doctest_rational\doctest_rational.cpp(65,3): error C2440: '<function-style-cast>': cannot convert from 'initializer list' to 'Rational' [D:\projects\2024-misis-fall\misis2024f-24-02-kosenko-m-r\build.check\prj.check\prj.check\doctest_rational\doctest_rational.vcxproj]
    11>D:\projects\2024-misis-fall\misis2024f-24-02-kosenko-m-r\prj.check\prj.check\doctest_rational\doctest_rational.cpp(66,3): error C2440: '<function-style-cast>': cannot convert from 'initializer list' to 'Rational' [D:\projects\2024-misis-fall\misis2024f-24-02-kosenko-m-r\build.check\prj.check\prj.check\doctest_rational\doctest_rational.vcxproj]
    11>D:\projects\2024-misis-fall\misis2024f-24-02-kosenko-m-r\prj.check\prj.check\doctest_rational\doctest_rational.cpp(70,3): error C2440: '<function-style-cast>': cannot convert from 'initializer list' to 'Rational' [D:\projects\2024-misis-fall\misis2024f-24-02-kosenko-m-r\build.check\prj.check\prj.check\doctest_rational\doctest_rational.vcxproj]
    11>D:\projects\2024-misis-fall\misis2024f-24-02-kosenko-m-r\prj.check\prj.check\doctest_rational\doctest_rational.cpp(71,3): error C2440: '<function-style-cast>': cannot convert from 'initializer list' to 'Rational' [D:\projects\2024-misis-fall\misis2024f-24-02-kosenko-m-r\build.check\prj.check\prj.check\doctest_rational\doctest_rational.vcxproj]
    11>D:\projects\2024-misis-fall\misis2024f-24-02-kosenko-m-r\prj.check\prj.check\doctest_rational\doctest_rational.cpp(72,3): error C2440: '<function-style-cast>': cannot convert from 'initializer list' to 'Rational' [D:\projects\2024-misis-fall\misis2024f-24-02-kosenko-m-r\build.check\prj.check\prj.check\doctest_rational\doctest_rational.vcxproj]
    11>D:\projects\2024-misis-fall\misis2024f-24-02-kosenko-m-r\prj.check\prj.check\doctest_rational\doctest_rational.cpp(73,3): error C2440: '<function-style-cast>': cannot convert from 'initializer list' to 'Rational' [D:\projects\2024-misis-fall\misis2024f-24-02-kosenko-m-r\build.check\prj.check\prj.check\doctest_rational\doctest_rational.vcxproj]
    11>D:\projects\2024-misis-fall\misis2024f-24-02-kosenko-m-r\prj.check\prj.check\doctest_rational\doctest_rational.cpp(77,3): error C2440: '<function-style-cast>': cannot convert from 'initializer list' to 'Rational' [D:\projects\2024-misis-fall\misis2024f-24-02-kosenko-m-r\build.check\prj.check\prj.check\doctest_rational\doctest_rational.vcxproj]
    11>D:\projects\2024-misis-fall\misis2024f-24-02-kosenko-m-r\prj.check\prj.check\doctest_rational\doctest_rational.cpp(78,3): error C2440: '<function-style-cast>': cannot convert from 'initializer list' to 'Rational' [D:\projects\2024-misis-fall\misis2024f-24-02-kosenko-m-r\build.check\prj.check\prj.check\doctest_rational\doctest_rational.vcxproj]
    11>D:\projects\2024-misis-fall\misis2024f-24-02-kosenko-m-r\prj.check\prj.check\doctest_rational\doctest_rational.cpp(79,3): error C2440: '<function-style-cast>': cannot convert from 'initializer list' to 'Rational' [D:\projects\2024-misis-fall\misis2024f-24-02-kosenko-m-r\build.check\prj.check\prj.check\doctest_rational\doctest_rational.vcxproj]
    11>D:\projects\2024-misis-fall\misis2024f-24-02-kosenko-m-r\prj.check\prj.check\doctest_rational\doctest_rational.cpp(80,3): error C2440: '<function-style-cast>': cannot convert from 'initializer list' to 'Rational' [D:\projects\2024-misis-fall\misis2024f-24-02-kosenko-m-r\build.check\prj.check\prj.check\doctest_rational\doctest_rational.vcxproj]
    11>D:\projects\2024-misis-fall\misis2024f-24-02-kosenko-m-r\prj.check\prj.check\doctest_rational\doctest_rational.cpp(81,3): error C2440: '<function-style-cast>': cannot convert from 'initializer list' to 'Rational' [D:\projects\2024-misis-fall\misis2024f-24-02-kosenko-m-r\build.check\prj.check\prj.check\doctest_rational\doctest_rational.vcxproj]
    11>D:\projects\2024-misis-fall\misis2024f-24-02-kosenko-m-r\prj.check\prj.check\doctest_rational\doctest_rational.cpp(82,3): error C2440: '<function-style-cast>': cannot convert from 'initializer list' to 'Rational' [D:\projects\2024-misis-fall\misis2024f-24-02-kosenko-m-r\build.check\prj.check\prj.check\doctest_rational\doctest_rational.vcxproj]
    11>D:\projects\2024-misis-fall\misis2024f-24-02-kosenko-m-r\prj.check\prj.check\doctest_rational\doctest_rational.cpp(86,3): error C2440: '<function-style-cast>': cannot convert from 'initializer list' to 'Rational' [D:\projects\2024-misis-fall\misis2024f-24-02-kosenko-m-r\build.check\prj.check\prj.check\doctest_rational\doctest_rational.vcxproj]
    11>D:\projects\2024-misis-fall\misis2024f-24-02-kosenko-m-r\prj.check\prj.check\doctest_rational\doctest_rational.cpp(87,3): error C2440: '<function-style-cast>': cannot convert from 'initializer list' to 'Rational' [D:\projects\2024-misis-fall\misis2024f-24-02-kosenko-m-r\build.check\prj.check\prj.check\doctest_rational\doctest_rational.vcxproj]
    11>D:\projects\2024-misis-fall\misis2024f-24-02-kosenko-m-r\prj.check\prj.check\doctest_rational\doctest_rational.cpp(88,3): error C2440: '<function-style-cast>': cannot convert from 'initializer list' to 'Rational' [D:\projects\2024-misis-fall\misis2024f-24-02-kosenko-m-r\build.check\prj.check\prj.check\doctest_rational\doctest_rational.vcxproj]
    11>D:\projects\2024-misis-fall\misis2024f-24-02-kosenko-m-r\prj.check\prj.check\doctest_rational\doctest_rational.cpp(89,3): error C2440: '<function-style-cast>': cannot convert from 'initializer list' to 'Rational' [D:\projects\2024-misis-fall\misis2024f-24-02-kosenko-m-r\build.check\prj.check\prj.check\doctest_rational\doctest_rational.vcxproj]
    11>D:\projects\2024-misis-fall\misis2024f-24-02-kosenko-m-r\prj.check\prj.check\doctest_rational\doctest_rational.cpp(90,3): error C2440: '<function-style-cast>': cannot convert from 'initializer list' to 'Rational' [D:\projects\2024-misis-fall\misis2024f-24-02-kosenko-m-r\build.check\prj.check\prj.check\doctest_rational\doctest_rational.vcxproj]
    11>D:\projects\2024-misis-fall\misis2024f-24-02-kosenko-m-r\prj.check\prj.check\doctest_rational\doctest_rational.cpp(91,3): error C2440: '<function-style-cast>': cannot convert from 'initializer list' to 'Rational' [D:\projects\2024-misis-fall\misis2024f-24-02-kosenko-m-r\build.check\prj.check\prj.check\doctest_rational\doctest_rational.vcxproj]
    10>D:\projects\2024-misis-fall\misis2024f-24-02-kosenko-m-r\prj.check\prj.check\doctest_rational\doctest_rational_io.cpp(37,5): error C2679: binary '>>': no operator found which takes a right-hand operand of type 'Rational' (or there is no acceptable conversion) [D:\projects\2024-misis-fall\misis2024f-24-02-kosenko-m-r\build.check\prj.check\prj.check\doctest_rational\doctest_rational_io.vcxproj]
    10>D:\projects\2024-misis-fall\misis2024f-24-02-kosenko-m-r\prj.check\prj.check\doctest_rational\doctest_rational_io.cpp(45,5): error C2679: binary '>>': no operator found which takes a right-hand operand of type 'Rational' (or there is no acceptable conversion) [D:\projects\2024-misis-fall\misis2024f-24-02-kosenko-m-r\build.check\prj.check\prj.check\doctest_rational\doctest_rational_io.vcxproj]
    10>D:\projects\2024-misis-fall\misis2024f-24-02-kosenko-m-r\prj.check\prj.check\doctest_rational\doctest_rational_io.cpp(53,5): error C2679: binary '>>': no operator found which takes a right-hand operand of type 'Rational' (or there is no acceptable conversion) [D:\projects\2024-misis-fall\misis2024f-24-02-kosenko-m-r\build.check\prj.check\prj.check\doctest_rational\doctest_rational_io.vcxproj]
    10>D:\projects\2024-misis-fall\misis2024f-24-02-kosenko-m-r\prj.check\prj.check\doctest_rational\doctest_rational_io.cpp(63,5): error C2679: binary '>>': no operator found which takes a right-hand operand of type 'Rational' (or there is no acceptable conversion) [D:\projects\2024-misis-fall\misis2024f-24-02-kosenko-m-r\build.check\prj.check\prj.check\doctest_rational\doctest_rational_io.vcxproj]
    10>D:\projects\2024-misis-fall\misis2024f-24-02-kosenko-m-r\prj.check\prj.check\doctest_rational\doctest_rational_io.cpp(65,5): error C2679: binary '<<': no operator found which takes a right-hand operand of type 'Rational' (or there is no acceptable conversion) [D:\projects\2024-misis-fall\misis2024f-24-02-kosenko-m-r\build.check\prj.check\prj.check\doctest_rational\doctest_rational_io.vcxproj]
     8>doctest_complex_io.obj : error LNK2019: unresolved external symbol "public: bool __cdecl Complex::operator==(struct Complex const &)const " (??8Complex@@QEBA_NAEBU0@@Z) referenced in function "public: struct doctest::detail::Result __cdecl doctest::detail::Expression_lhs<struct Complex &>::operator==<struct Complex &>(struct Complex &)" (??$?8AEAUComplex@@@?$Expression_lhs@AEAUComplex@@@detail@doctest@@QEAA?AUResult@12@AEAUComplex@@@Z) [D:\projects\2024-misis-fall\misis2024f-24-02-kosenko-m-r\build.check\prj.check\prj.check\doctest_complex\doctest_complex_io.vcxproj]
     8>doctest_complex_io.obj : error LNK2019: unresolved external symbol "public: class std::basic_ostream<char,struct std::char_traits<char> > & __cdecl Complex::writeTo(class std::basic_ostream<char,struct std::char_traits<char> > &)const " (?writeTo@Complex@@QEBAAEAV?$basic_ostream@DU?$char_traits@D@std@@@std@@AEAV23@@Z) referenced in function "void __cdecl doctest::detail::filloss<struct Complex>(class std::basic_ostream<char,struct std::char_traits<char> > *,struct Complex const &)" (??$filloss@UComplex@@@detail@doctest@@YAXPEAV?$basic_ostream@DU?$char_traits@D@std@@@std@@AEBUComplex@@@Z) [D:\projects\2024-misis-fall\misis2024f-24-02-kosenko-m-r\build.check\prj.check\prj.check\doctest_complex\doctest_complex_io.vcxproj]
     8>doctest_complex_io.obj : error LNK2019: unresolved external symbol "public: class std::basic_istream<char,struct std::char_traits<char> > & __cdecl Complex::readFrom(class std::basic_istream<char,struct std::char_traits<char> > &)" (?readFrom@Complex@@QEAAAEAV?$basic_istream@DU?$char_traits@D@std@@@std@@AEAV23@@Z) referenced in function "void __cdecl DOCTEST_ANON_FUNC_15(void)" (?DOCTEST_ANON_FUNC_15@@YAXXZ) [D:\projects\2024-misis-fall\misis2024f-24-02-kosenko-m-r\build.check\prj.check\prj.check\doctest_complex\doctest_complex_io.vcxproj]
     8>D:\projects\2024-misis-fall\misis2024f-24-02-kosenko-m-r\bin.check\doctest_complex_io.exe : fatal error LNK1120: 3 unresolved externals [D:\projects\2024-misis-fall\misis2024f-24-02-kosenko-m-r\build.check\prj.check\prj.check\doctest_complex\doctest_complex_io.vcxproj]
     6>doctest_complex.obj : error LNK2019: unresolved external symbol "public: struct Complex & __cdecl Complex::operator+=(struct Complex const &)" (??YComplex@@QEAAAEAU0@AEBU0@@Z) referenced in function "void __cdecl DOCTEST_ANON_FUNC_29(void)" (?DOCTEST_ANON_FUNC_29@@YAXXZ) [D:\projects\2024-misis-fall\misis2024f-24-02-kosenko-m-r\build.check\prj.check\prj.check\doctest_complex\doctest_complex.vcxproj]
     6>doctest_complex.obj : error LNK2019: unresolved external symbol "public: struct Complex & __cdecl Complex::operator-=(struct Complex const &)" (??ZComplex@@QEAAAEAU0@AEBU0@@Z) referenced in function "void __cdecl DOCTEST_ANON_FUNC_33(void)" (?DOCTEST_ANON_FUNC_33@@YAXXZ) [D:\projects\2024-misis-fall\misis2024f-24-02-kosenko-m-r\build.check\prj.check\prj.check\doctest_complex\doctest_complex.vcxproj]
     6>doctest_complex.obj : error LNK2019: unresolved external symbol "public: struct Complex & __cdecl Complex::operator*=(struct Complex const &)" (??XComplex@@QEAAAEAU0@AEBU0@@Z) referenced in function "void __cdecl DOCTEST_ANON_FUNC_37(void)" (?DOCTEST_ANON_FUNC_37@@YAXXZ) [D:\projects\2024-misis-fall\misis2024f-24-02-kosenko-m-r\build.check\prj.check\prj.check\doctest_complex\doctest_complex.vcxproj]
     6>doctest_complex.obj : error LNK2019: unresolved external symbol "public: struct Complex & __cdecl Complex::operator/=(struct Complex const &)" (??_0Complex@@QEAAAEAU0@AEBU0@@Z) referenced in function "void __cdecl DOCTEST_ANON_FUNC_41(void)" (?DOCTEST_ANON_FUNC_41@@YAXXZ) [D:\projects\2024-misis-fall\misis2024f-24-02-kosenko-m-r\build.check\prj.check\prj.check\doctest_complex\doctest_complex.vcxproj]
     6>doctest_complex.obj : error LNK2019: unresolved external symbol "public: struct Complex __cdecl Complex::operator-(void)const " (??GComplex@@QEBA?AU0@XZ) referenced in function "void __cdecl DOCTEST_ANON_FUNC_25(void)" (?DOCTEST_ANON_FUNC_25@@YAXXZ) [D:\projects\2024-misis-fall\misis2024f-24-02-kosenko-m-r\build.check\prj.check\prj.check\doctest_complex\doctest_complex.vcxproj]
     6>doctest_complex.obj : error LNK2019: unresolved external symbol "public: bool __cdecl Complex::operator==(struct Complex const &)const " (??8Complex@@QEBA_NAEBU0@@Z) referenced in function "public: struct doctest::detail::Result __cdecl doctest::detail::Expression_lhs<struct Complex &>::operator==<struct Complex &>(struct Complex &)" (??$?8AEAUComplex@@@?$Expression_lhs@AEAUComplex@@@detail@doctest@@QEAA?AUResult@12@AEAUComplex@@@Z) [D:\projects\2024-misis-fall\misis2024f-24-02-kosenko-m-r\build.check\prj.check\prj.check\doctest_complex\doctest_complex.vcxproj]
     6>doctest_complex.obj : error LNK2019: unresolved external symbol "public: class std::basic_ostream<char,struct std::char_traits<char> > & __cdecl Complex::writeTo(class std::basic_ostream<char,struct std::char_traits<char> > &)const " (?writeTo@Complex@@QEBAAEAV?$basic_ostream@DU?$char_traits@D@std@@@std@@AEAV23@@Z) referenced in function "void __cdecl doctest::detail::filloss<struct Complex>(class std::basic_ostream<char,struct std::char_traits<char> > *,struct Complex const &)" (??$filloss@UComplex@@@detail@doctest@@YAXPEAV?$basic_ostream@DU?$char_traits@D@std@@@std@@AEBUComplex@@@Z) [D:\projects\2024-misis-fall\misis2024f-24-02-kosenko-m-r\build.check\prj.check\prj.check\doctest_complex\doctest_complex.vcxproj]
     6>doctest_complex.obj : error LNK2019: unresolved external symbol "struct Complex __cdecl operator+(struct Complex const &,struct Complex const &)" (??H@YA?AUComplex@@AEBU0@0@Z) referenced in function "void __cdecl DOCTEST_ANON_FUNC_31(void)" (?DOCTEST_ANON_FUNC_31@@YAXXZ) [D:\projects\2024-misis-fall\misis2024f-24-02-kosenko-m-r\build.check\prj.check\prj.check\doctest_complex\doctest_complex.vcxproj]
     6>doctest_complex.obj : error LNK2019: unresolved external symbol "struct Complex __cdecl operator-(struct Complex const &,struct Complex const &)" (??G@YA?AUComplex@@AEBU0@0@Z) referenced in function "void __cdecl DOCTEST_ANON_FUNC_35(void)" (?DOCTEST_ANON_FUNC_35@@YAXXZ) [D:\projects\2024-misis-fall\misis2024f-24-02-kosenko-m-r\build.check\prj.check\prj.check\doctest_complex\doctest_complex.vcxproj]
     6>doctest_complex.obj : error LNK2019: unresolved external symbol "struct Complex __cdecl operator*(struct Complex const &,struct Complex const &)" (??D@YA?AUComplex@@AEBU0@0@Z) referenced in function "void __cdecl DOCTEST_ANON_FUNC_39(void)" (?DOCTEST_ANON_FUNC_39@@YAXXZ) [D:\projects\2024-misis-fall\misis2024f-24-02-kosenko-m-r\build.check\prj.check\prj.check\doctest_complex\doctest_complex.vcxproj]
     6>doctest_complex.obj : error LNK2019: unresolved external symbol "struct Complex __cdecl operator/(struct Complex const &,struct Complex const &)" (??K@YA?AUComplex@@AEBU0@0@Z) referenced in function "void __cdecl DOCTEST_ANON_FUNC_41(void)" (?DOCTEST_ANON_FUNC_41@@YAXXZ) [D:\projects\2024-misis-fall\misis2024f-24-02-kosenko-m-r\build.check\prj.check\prj.check\doctest_complex\doctest_complex.vcxproj]
     6>doctest_complex.obj : error LNK2019: unresolved external symbol "struct Complex __cdecl operator*(double,struct Complex const &)" (??D@YA?AUComplex@@NAEBU0@@Z) referenced in function "void __cdecl DOCTEST_ANON_FUNC_39(void)" (?DOCTEST_ANON_FUNC_39@@YAXXZ) [D:\projects\2024-misis-fall\misis2024f-24-02-kosenko-m-r\build.check\prj.check\prj.check\doctest_complex\doctest_complex.vcxproj]
     6>doctest_complex.obj : error LNK2019: unresolved external symbol "struct Complex __cdecl operator*(struct Complex const &,double)" (??D@YA?AUComplex@@AEBU0@N@Z) referenced in function "void __cdecl DOCTEST_ANON_FUNC_39(void)" (?DOCTEST_ANON_FUNC_39@@YAXXZ) [D:\projects\2024-misis-fall\misis2024f-24-02-kosenko-m-r\build.check\prj.check\prj.check\doctest_complex\doctest_complex.vcxproj]
     6>doctest_complex.obj : error LNK2019: unresolved external symbol "struct Complex __cdecl operator-(double,struct Complex const &)" (??G@YA?AUComplex@@NAEBU0@@Z) referenced in function "void __cdecl DOCTEST_ANON_FUNC_35(void)" (?DOCTEST_ANON_FUNC_35@@YAXXZ) [D:\projects\2024-misis-fall\misis2024f-24-02-kosenko-m-r\build.check\prj.check\prj.check\doctest_complex\doctest_complex.vcxproj]
     6>doctest_complex.obj : error LNK2019: unresolved external symbol "struct Complex __cdecl operator-(struct Complex const &,double)" (??G@YA?AUComplex@@AEBU0@N@Z) referenced in function "void __cdecl DOCTEST_ANON_FUNC_35(void)" (?DOCTEST_ANON_FUNC_35@@YAXXZ) [D:\projects\2024-misis-fall\misis2024f-24-02-kosenko-m-r\build.check\prj.check\prj.check\doctest_complex\doctest_complex.vcxproj]
     6>doctest_complex.obj : error LNK2019: unresolved external symbol "struct Complex __cdecl operator+(struct Complex const &,double)" (??H@YA?AUComplex@@AEBU0@N@Z) referenced in function "void __cdecl DOCTEST_ANON_FUNC_31(void)" (?DOCTEST_ANON_FUNC_31@@YAXXZ) [D:\projects\2024-misis-fall\misis2024f-24-02-kosenko-m-r\build.check\prj.check\prj.check\doctest_complex\doctest_complex.vcxproj]
     6>doctest_complex.obj : error LNK2019: unresolved external symbol "struct Complex __cdecl operator/(double,struct Complex const &)" (??K@YA?AUComplex@@NAEBU0@@Z) referenced in function "void __cdecl DOCTEST_ANON_FUNC_43(void)" (?DOCTEST_ANON_FUNC_43@@YAXXZ) [D:\projects\2024-misis-fall\misis2024f-24-02-kosenko-m-r\build.check\prj.check\prj.check\doctest_complex\doctest_complex.vcxproj]
     6>doctest_complex.obj : error LNK2019: unresolved external symbol "struct Complex __cdecl operator/(struct Complex const &,double)" (??K@YA?AUComplex@@AEBU0@N@Z) referenced in function "void __cdecl DOCTEST_ANON_FUNC_43(void)" (?DOCTEST_ANON_FUNC_43@@YAXXZ) [D:\projects\2024-misis-fall\misis2024f-24-02-kosenko-m-r\build.check\prj.check\prj.check\doctest_complex\doctest_complex.vcxproj]
     6>D:\projects\2024-misis-fall\misis2024f-24-02-kosenko-m-r\bin.check\doctest_complex.exe : fatal error LNK1120: 18 unresolved externals [D:\projects\2024-misis-fall\misis2024f-24-02-kosenko-m-r\build.check\prj.check\prj.check\doctest_complex\doctest_complex.vcxproj]
