     3>D:\projects\2024-misis-fall\misis2024f-24-02-kosenko-m-r\prj.lab\complex\complex.cpp(68,27): error C2146: syntax error: missing ')' before identifier 'or' [D:\projects\2024-misis-fall\misis2024f-24-02-kosenko-m-r\build.check\prj.lab\complex\complex.vcxproj]
     3>D:\projects\2024-misis-fall\misis2024f-24-02-kosenko-m-r\prj.lab\complex\complex.cpp(68,27): error C2065: 'or': undeclared identifier [D:\projects\2024-misis-fall\misis2024f-24-02-kosenko-m-r\build.check\prj.lab\complex\complex.vcxproj]
     3>D:\projects\2024-misis-fall\misis2024f-24-02-kosenko-m-r\prj.lab\complex\complex.cpp(68,30): error C2143: syntax error: missing ';' before '!' [D:\projects\2024-misis-fall\misis2024f-24-02-kosenko-m-r\build.check\prj.lab\complex\complex.vcxproj]
     3>D:\projects\2024-misis-fall\misis2024f-24-02-kosenko-m-r\prj.lab\complex\complex.cpp(68,81): error C2059: syntax error: ')' [D:\projects\2024-misis-fall\misis2024f-24-02-kosenko-m-r\build.check\prj.lab\complex\complex.vcxproj]
     3>D:\projects\2024-misis-fall\misis2024f-24-02-kosenko-m-r\prj.lab\complex\complex.cpp(69,256): error C2059: syntax error: ';' [D:\projects\2024-misis-fall\misis2024f-24-02-kosenko-m-r\build.check\prj.lab\complex\complex.vcxproj]
     3>D:\projects\2024-misis-fall\misis2024f-24-02-kosenko-m-r\prj.lab\complex\complex.cpp(83,1): error C2059: syntax error: '}' [D:\projects\2024-misis-fall\misis2024f-24-02-kosenko-m-r\build.check\prj.lab\complex\complex.vcxproj]
     3>D:\projects\2024-misis-fall\misis2024f-24-02-kosenko-m-r\prj.lab\complex\complex.cpp(83,1): error C2143: syntax error: missing ';' before '}' [D:\projects\2024-misis-fall\misis2024f-24-02-kosenko-m-r\build.check\prj.lab\complex\complex.vcxproj]
     3>D:\projects\2024-misis-fall\misis2024f-24-02-kosenko-m-r\prj.lab\complex\complex.cpp(84,12): error C2143: syntax error: missing ';' before '{' [D:\projects\2024-misis-fall\misis2024f-24-02-kosenko-m-r\build.check\prj.lab\complex\complex.vcxproj]
     3>D:\projects\2024-misis-fall\misis2024f-24-02-kosenko-m-r\prj.lab\complex\complex.cpp(84,12): error C2447: '{': missing function header (old-style formal list?) [D:\projects\2024-misis-fall\misis2024f-24-02-kosenko-m-r\build.check\prj.lab\complex\complex.vcxproj]
    11>D:\projects\2024-misis-fall\misis2024f-24-02-kosenko-m-r\prj.check\prj.check\doctest_arrayd\doctest_arrayd.cpp(16,3): error C3861: 'ArrayD': identifier not found [D:\projects\2024-misis-fall\misis2024f-24-02-kosenko-m-r\build.check\prj.check\prj.check\doctest_arrayd\doctest_arrayd.vcxproj]
    11>D:\projects\2024-misis-fall\misis2024f-24-02-kosenko-m-r\prj.check\prj.check\doctest_arrayd\doctest_arrayd.cpp(17,3): error C3861: 'ArrayD': identifier not found [D:\projects\2024-misis-fall\misis2024f-24-02-kosenko-m-r\build.check\prj.check\prj.check\doctest_arrayd\doctest_arrayd.vcxproj]
    11>D:\projects\2024-misis-fall\misis2024f-24-02-kosenko-m-r\prj.check\prj.check\doctest_arrayd\doctest_arrayd.cpp(24,3): error C2065: 'ArrayD': undeclared identifier [D:\projects\2024-misis-fall\misis2024f-24-02-kosenko-m-r\build.check\prj.check\prj.check\doctest_arrayd\doctest_arrayd.vcxproj]
    11>D:\projects\2024-misis-fall\misis2024f-24-02-kosenko-m-r\prj.check\prj.check\doctest_arrayd\doctest_arrayd.cpp(24,10): error C2146: syntax error: missing ';' before identifier 'ar' [D:\projects\2024-misis-fall\misis2024f-24-02-kosenko-m-r\build.check\prj.check\prj.check\doctest_arrayd\doctest_arrayd.vcxproj]
    11>D:\projects\2024-misis-fall\misis2024f-24-02-kosenko-m-r\prj.check\prj.check\doctest_arrayd\doctest_arrayd.cpp(24,10): error C3861: 'ar': identifier not found [D:\projects\2024-misis-fall\misis2024f-24-02-kosenko-m-r\build.check\prj.check\prj.check\doctest_arrayd\doctest_arrayd.vcxproj]
    11>D:\projects\2024-misis-fall\misis2024f-24-02-kosenko-m-r\prj.check\prj.check\doctest_arrayd\doctest_arrayd.cpp(25,3): error C2065: 'ar': undeclared identifier [D:\projects\2024-misis-fall\misis2024f-24-02-kosenko-m-r\build.check\prj.check\prj.check\doctest_arrayd\doctest_arrayd.vcxproj]
    11>D:\projects\2024-misis-fall\misis2024f-24-02-kosenko-m-r\prj.check\prj.check\doctest_arrayd\doctest_arrayd.cpp(25,3): error C2672: 'doctest::detail::ResultBuilder::binary_assert': no matching overloaded function found [D:\projects\2024-misis-fall\misis2024f-24-02-kosenko-m-r\build.check\prj.check\prj.check\doctest_arrayd\doctest_arrayd.vcxproj]
    11>D:\projects\2024-misis-fall\misis2024f-24-02-kosenko-m-r\prj.check\prj.check\doctest_arrayd\doctest_arrayd.cpp(26,3): error C2065: 'ar': undeclared identifier [D:\projects\2024-misis-fall\misis2024f-24-02-kosenko-m-r\build.check\prj.check\prj.check\doctest_arrayd\doctest_arrayd.vcxproj]
    11>D:\projects\2024-misis-fall\misis2024f-24-02-kosenko-m-r\prj.check\prj.check\doctest_arrayd\doctest_arrayd.cpp(26,3): error C2672: 'doctest::detail::ResultBuilder::binary_assert': no matching overloaded function found [D:\projects\2024-misis-fall\misis2024f-24-02-kosenko-m-r\build.check\prj.check\prj.check\doctest_arrayd\doctest_arrayd.vcxproj]
    11>D:\projects\2024-misis-fall\misis2024f-24-02-kosenko-m-r\prj.check\prj.check\doctest_arrayd\doctest_arrayd.cpp(28,3): error C3861: 'ArrayD': identifier not found [D:\projects\2024-misis-fall\misis2024f-24-02-kosenko-m-r\build.check\prj.check\prj.check\doctest_arrayd\doctest_arrayd.vcxproj]
    11>D:\projects\2024-misis-fall\misis2024f-24-02-kosenko-m-r\prj.check\prj.check\doctest_arrayd\doctest_arrayd.cpp(29,3): error C3861: 'ArrayD': identifier not found [D:\projects\2024-misis-fall\misis2024f-24-02-kosenko-m-r\build.check\prj.check\prj.check\doctest_arrayd\doctest_arrayd.vcxproj]
    11>D:\projects\2024-misis-fall\misis2024f-24-02-kosenko-m-r\prj.check\prj.check\doctest_arrayd\doctest_arrayd.cpp(33,3): error C2065: 'ArrayD': undeclared identifier [D:\projects\2024-misis-fall\misis2024f-24-02-kosenko-m-r\build.check\prj.check\prj.check\doctest_arrayd\doctest_arrayd.vcxproj]
    11>D:\projects\2024-misis-fall\misis2024f-24-02-kosenko-m-r\prj.check\prj.check\doctest_arrayd\doctest_arrayd.cpp(33,10): error C2146: syntax error: missing ';' before identifier 'ar' [D:\projects\2024-misis-fall\misis2024f-24-02-kosenko-m-r\build.check\prj.check\prj.check\doctest_arrayd\doctest_arrayd.vcxproj]
    11>D:\projects\2024-misis-fall\misis2024f-24-02-kosenko-m-r\prj.check\prj.check\doctest_arrayd\doctest_arrayd.cpp(33,10): error C3861: 'ar': identifier not found [D:\projects\2024-misis-fall\misis2024f-24-02-kosenko-m-r\build.check\prj.check\prj.check\doctest_arrayd\doctest_arrayd.vcxproj]
    11>D:\projects\2024-misis-fall\misis2024f-24-02-kosenko-m-r\prj.check\prj.check\doctest_arrayd\doctest_arrayd.cpp(34,22): error C2065: 'ar': undeclared identifier [D:\projects\2024-misis-fall\misis2024f-24-02-kosenko-m-r\build.check\prj.check\prj.check\doctest_arrayd\doctest_arrayd.vcxproj]
    11>D:\projects\2024-misis-fall\misis2024f-24-02-kosenko-m-r\prj.check\prj.check\doctest_arrayd\doctest_arrayd.cpp(35,5): error C2065: 'ar': undeclared identifier [D:\projects\2024-misis-fall\misis2024f-24-02-kosenko-m-r\build.check\prj.check\prj.check\doctest_arrayd\doctest_arrayd.vcxproj]
    11>D:\projects\2024-misis-fall\misis2024f-24-02-kosenko-m-r\prj.check\prj.check\doctest_arrayd\doctest_arrayd.cpp(37,3): error C2065: 'ArrayD': undeclared identifier [D:\projects\2024-misis-fall\misis2024f-24-02-kosenko-m-r\build.check\prj.check\prj.check\doctest_arrayd\doctest_arrayd.vcxproj]
    11>D:\projects\2024-misis-fall\misis2024f-24-02-kosenko-m-r\prj.check\prj.check\doctest_arrayd\doctest_arrayd.cpp(37,10): error C2146: syntax error: missing ';' before identifier 'ar_copy' [D:\projects\2024-misis-fall\misis2024f-24-02-kosenko-m-r\build.check\prj.check\prj.check\doctest_arrayd\doctest_arrayd.vcxproj]
    11>D:\projects\2024-misis-fall\misis2024f-24-02-kosenko-m-r\prj.check\prj.check\doctest_arrayd\doctest_arrayd.cpp(37,18): error C2065: 'ar': undeclared identifier [D:\projects\2024-misis-fall\misis2024f-24-02-kosenko-m-r\build.check\prj.check\prj.check\doctest_arrayd\doctest_arrayd.vcxproj]
    11>D:\projects\2024-misis-fall\misis2024f-24-02-kosenko-m-r\prj.check\prj.check\doctest_arrayd\doctest_arrayd.cpp(37,10): error C3861: 'ar_copy': identifier not found [D:\projects\2024-misis-fall\misis2024f-24-02-kosenko-m-r\build.check\prj.check\prj.check\doctest_arrayd\doctest_arrayd.vcxproj]
    11>D:\projects\2024-misis-fall\misis2024f-24-02-kosenko-m-r\prj.check\prj.check\doctest_arrayd\doctest_arrayd.cpp(38,3): error C2065: 'ar': undeclared identifier [D:\projects\2024-misis-fall\misis2024f-24-02-kosenko-m-r\build.check\prj.check\prj.check\doctest_arrayd\doctest_arrayd.vcxproj]
    11>D:\projects\2024-misis-fall\misis2024f-24-02-kosenko-m-r\prj.check\prj.check\doctest_arrayd\doctest_arrayd.cpp(38,3): error C2065: 'ar_copy': undeclared identifier [D:\projects\2024-misis-fall\misis2024f-24-02-kosenko-m-r\build.check\prj.check\prj.check\doctest_arrayd\doctest_arrayd.vcxproj]
    11>D:\projects\2024-misis-fall\misis2024f-24-02-kosenko-m-r\prj.check\prj.check\doctest_arrayd\doctest_arrayd.cpp(39,22): error C2065: 'ar': undeclared identifier [D:\projects\2024-misis-fall\misis2024f-24-02-kosenko-m-r\build.check\prj.check\prj.check\doctest_arrayd\doctest_arrayd.vcxproj]
    11>D:\projects\2024-misis-fall\misis2024f-24-02-kosenko-m-r\prj.check\prj.check\doctest_arrayd\doctest_arrayd.cpp(40,5): error C2065: 'ar': undeclared identifier [D:\projects\2024-misis-fall\misis2024f-24-02-kosenko-m-r\build.check\prj.check\prj.check\doctest_arrayd\doctest_arrayd.vcxproj]
    11>D:\projects\2024-misis-fall\misis2024f-24-02-kosenko-m-r\prj.check\prj.check\doctest_arrayd\doctest_arrayd.cpp(40,5): error C2065: 'ar_copy': undeclared identifier [D:\projects\2024-misis-fall\misis2024f-24-02-kosenko-m-r\build.check\prj.check\prj.check\doctest_arrayd\doctest_arrayd.vcxproj]
    11>D:\projects\2024-misis-fall\misis2024f-24-02-kosenko-m-r\prj.check\prj.check\doctest_arrayd\doctest_arrayd.cpp(40,5): error C2512: 'doctest::Approx': no appropriate default constructor available [D:\projects\2024-misis-fall\misis2024f-24-02-kosenko-m-r\build.check\prj.check\prj.check\doctest_arrayd\doctest_arrayd.vcxproj]
    11>D:\projects\2024-misis-fall\misis2024f-24-02-kosenko-m-r\prj.check\prj.check\doctest_arrayd\doctest_arrayd.cpp(40,5): error C2672: 'doctest::detail::ResultBuilder::binary_assert': no matching overloaded function found [D:\projects\2024-misis-fall\misis2024f-24-02-kosenko-m-r\build.check\prj.check\prj.check\doctest_arrayd\doctest_arrayd.vcxproj]
    11>D:\projects\2024-misis-fall\misis2024f-24-02-kosenko-m-r\prj.check\prj.check\doctest_arrayd\doctest_arrayd.cpp(42,22): error C2065: 'ar': undeclared identifier [D:\projects\2024-misis-fall\misis2024f-24-02-kosenko-m-r\build.check\prj.check\prj.check\doctest_arrayd\doctest_arrayd.vcxproj]
    11>D:\projects\2024-misis-fall\misis2024f-24-02-kosenko-m-r\prj.check\prj.check\doctest_arrayd\doctest_arrayd.cpp(43,5): error C2065: 'ar': undeclared identifier [D:\projects\2024-misis-fall\misis2024f-24-02-kosenko-m-r\build.check\prj.check\prj.check\doctest_arrayd\doctest_arrayd.vcxproj]
    11>D:\projects\2024-misis-fall\misis2024f-24-02-kosenko-m-r\prj.check\prj.check\doctest_arrayd\doctest_arrayd.cpp(45,22): error C2065: 'ar': undeclared identifier [D:\projects\2024-misis-fall\misis2024f-24-02-kosenko-m-r\build.check\prj.check\prj.check\doctest_arrayd\doctest_arrayd.vcxproj]
    11>D:\projects\2024-misis-fall\misis2024f-24-02-kosenko-m-r\prj.check\prj.check\doctest_arrayd\doctest_arrayd.cpp(46,5): error C2065: 'ar': undeclared identifier [D:\projects\2024-misis-fall\misis2024f-24-02-kosenko-m-r\build.check\prj.check\prj.check\doctest_arrayd\doctest_arrayd.vcxproj]
    11>D:\projects\2024-misis-fall\misis2024f-24-02-kosenko-m-r\prj.check\prj.check\doctest_arrayd\doctest_arrayd.cpp(46,5): error C2065: 'ar_copy': undeclared identifier [D:\projects\2024-misis-fall\misis2024f-24-02-kosenko-m-r\build.check\prj.check\prj.check\doctest_arrayd\doctest_arrayd.vcxproj]
    11>D:\projects\2024-misis-fall\misis2024f-24-02-kosenko-m-r\prj.check\prj.check\doctest_arrayd\doctest_arrayd.cpp(46,5): error C2512: 'doctest::Approx': no appropriate default constructor available [D:\projects\2024-misis-fall\misis2024f-24-02-kosenko-m-r\build.check\prj.check\prj.check\doctest_arrayd\doctest_arrayd.vcxproj]
    11>D:\projects\2024-misis-fall\misis2024f-24-02-kosenko-m-r\prj.check\prj.check\doctest_arrayd\doctest_arrayd.cpp(46,5): error C2672: 'doctest::detail::ResultBuilder::binary_assert': no matching overloaded function found [D:\projects\2024-misis-fall\misis2024f-24-02-kosenko-m-r\build.check\prj.check\prj.check\doctest_arrayd\doctest_arrayd.vcxproj]
    11>D:\projects\2024-misis-fall\misis2024f-24-02-kosenko-m-r\prj.check\prj.check\doctest_arrayd\doctest_arrayd.cpp(51,3): error C2065: 'ArrayD': undeclared identifier [D:\projects\2024-misis-fall\misis2024f-24-02-kosenko-m-r\build.check\prj.check\prj.check\doctest_arrayd\doctest_arrayd.vcxproj]
    11>D:\projects\2024-misis-fall\misis2024f-24-02-kosenko-m-r\prj.check\prj.check\doctest_arrayd\doctest_arrayd.cpp(51,10): error C2146: syntax error: missing ';' before identifier 'ar' [D:\projects\2024-misis-fall\misis2024f-24-02-kosenko-m-r\build.check\prj.check\prj.check\doctest_arrayd\doctest_arrayd.vcxproj]
    11>D:\projects\2024-misis-fall\misis2024f-24-02-kosenko-m-r\prj.check\prj.check\doctest_arrayd\doctest_arrayd.cpp(51,10): error C3861: 'ar': identifier not found [D:\projects\2024-misis-fall\misis2024f-24-02-kosenko-m-r\build.check\prj.check\prj.check\doctest_arrayd\doctest_arrayd.vcxproj]
    11>D:\projects\2024-misis-fall\misis2024f-24-02-kosenko-m-r\prj.check\prj.check\doctest_arrayd\doctest_arrayd.cpp(52,22): error C2065: 'ar': undeclared identifier [D:\projects\2024-misis-fall\misis2024f-24-02-kosenko-m-r\build.check\prj.check\prj.check\doctest_arrayd\doctest_arrayd.vcxproj]
    11>D:\projects\2024-misis-fall\misis2024f-24-02-kosenko-m-r\prj.check\prj.check\doctest_arrayd\doctest_arrayd.cpp(53,5): error C2065: 'ar': undeclared identifier [D:\projects\2024-misis-fall\misis2024f-24-02-kosenko-m-r\build.check\prj.check\prj.check\doctest_arrayd\doctest_arrayd.vcxproj]
    11>D:\projects\2024-misis-fall\misis2024f-24-02-kosenko-m-r\prj.check\prj.check\doctest_arrayd\doctest_arrayd.cpp(57,3): error C2065: 'ar': undeclared identifier [D:\projects\2024-misis-fall\misis2024f-24-02-kosenko-m-r\build.check\prj.check\prj.check\doctest_arrayd\doctest_arrayd.vcxproj]
    11>D:\projects\2024-misis-fall\misis2024f-24-02-kosenko-m-r\prj.check\prj.check\doctest_arrayd\doctest_arrayd.cpp(57,8): error C2065: 'ar': undeclared identifier [D:\projects\2024-misis-fall\misis2024f-24-02-kosenko-m-r\build.check\prj.check\prj.check\doctest_arrayd\doctest_arrayd.vcxproj]
    11>D:\projects\2024-misis-fall\misis2024f-24-02-kosenko-m-r\prj.check\prj.check\doctest_arrayd\doctest_arrayd.cpp(58,22): error C2065: 'ar': undeclared identifier [D:\projects\2024-misis-fall\misis2024f-24-02-kosenko-m-r\build.check\prj.check\prj.check\doctest_arrayd\doctest_arrayd.vcxproj]
    11>D:\projects\2024-misis-fall\misis2024f-24-02-kosenko-m-r\prj.check\prj.check\doctest_arrayd\doctest_arrayd.cpp(59,33): error C2065: 'ar': undeclared identifier [D:\projects\2024-misis-fall\misis2024f-24-02-kosenko-m-r\build.check\prj.check\prj.check\doctest_arrayd\doctest_arrayd.vcxproj]
    11>D:\projects\2024-misis-fall\misis2024f-24-02-kosenko-m-r\prj.check\prj.check\doctest_arrayd\doctest_arrayd.cpp(64,3): error C2065: 'ArrayD': undeclared identifier [D:\projects\2024-misis-fall\misis2024f-24-02-kosenko-m-r\build.check\prj.check\prj.check\doctest_arrayd\doctest_arrayd.vcxproj]
    11>D:\projects\2024-misis-fall\misis2024f-24-02-kosenko-m-r\prj.check\prj.check\doctest_arrayd\doctest_arrayd.cpp(64,10): error C2146: syntax error: missing ';' before identifier 'ar_copy' [D:\projects\2024-misis-fall\misis2024f-24-02-kosenko-m-r\build.check\prj.check\prj.check\doctest_arrayd\doctest_arrayd.vcxproj]
    11>D:\projects\2024-misis-fall\misis2024f-24-02-kosenko-m-r\prj.check\prj.check\doctest_arrayd\doctest_arrayd.cpp(64,10): error C2065: 'ar_copy': undeclared identifier [D:\projects\2024-misis-fall\misis2024f-24-02-kosenko-m-r\build.check\prj.check\prj.check\doctest_arrayd\doctest_arrayd.vcxproj]
    11>D:\projects\2024-misis-fall\misis2024f-24-02-kosenko-m-r\prj.check\prj.check\doctest_arrayd\doctest_arrayd.cpp(65,3): error C2065: 'ar': undeclared identifier [D:\projects\2024-misis-fall\misis2024f-24-02-kosenko-m-r\build.check\prj.check\prj.check\doctest_arrayd\doctest_arrayd.vcxproj]
    11>D:\projects\2024-misis-fall\misis2024f-24-02-kosenko-m-r\prj.check\prj.check\doctest_arrayd\doctest_arrayd.cpp(65,3): error C2065: 'ar_copy': undeclared identifier [D:\projects\2024-misis-fall\misis2024f-24-02-kosenko-m-r\build.check\prj.check\prj.check\doctest_arrayd\doctest_arrayd.vcxproj]
    11>D:\projects\2024-misis-fall\misis2024f-24-02-kosenko-m-r\prj.check\prj.check\doctest_arrayd\doctest_arrayd.cpp(66,3): error C2065: 'ar_copy': undeclared identifier [D:\projects\2024-misis-fall\misis2024f-24-02-kosenko-m-r\build.check\prj.check\prj.check\doctest_arrayd\doctest_arrayd.vcxproj]
    11>D:\projects\2024-misis-fall\misis2024f-24-02-kosenko-m-r\prj.check\prj.check\doctest_arrayd\doctest_arrayd.cpp(66,13): error C2065: 'ar': undeclared identifier [D:\projects\2024-misis-fall\misis2024f-24-02-kosenko-m-r\build.check\prj.check\prj.check\doctest_arrayd\doctest_arrayd.vcxproj]
    11>D:\projects\2024-misis-fall\misis2024f-24-02-kosenko-m-r\prj.check\prj.check\doctest_arrayd\doctest_arrayd.cpp(67,16): error C2065: 'ar': undeclared identifier [D:\projects\2024-misis-fall\misis2024f-24-02-kosenko-m-r\build.check\prj.check\prj.check\doctest_arrayd\doctest_arrayd.vcxproj]
    11>D:\projects\2024-misis-fall\misis2024f-24-02-kosenko-m-r\prj.check\prj.check\doctest_arrayd\doctest_arrayd.cpp(67,29): error C2065: 'ar_copy': undeclared identifier [D:\projects\2024-misis-fall\misis2024f-24-02-kosenko-m-r\build.check\prj.check\prj.check\doctest_arrayd\doctest_arrayd.vcxproj]
    11>D:\projects\2024-misis-fall\misis2024f-24-02-kosenko-m-r\prj.check\prj.check\doctest_arrayd\doctest_arrayd.cpp(68,22): error C2065: 'ar': undeclared identifier [D:\projects\2024-misis-fall\misis2024f-24-02-kosenko-m-r\build.check\prj.check\prj.check\doctest_arrayd\doctest_arrayd.vcxproj]
    11>D:\projects\2024-misis-fall\misis2024f-24-02-kosenko-m-r\prj.check\prj.check\doctest_arrayd\doctest_arrayd.cpp(69,33): error C2065: 'ar': undeclared identifier [D:\projects\2024-misis-fall\misis2024f-24-02-kosenko-m-r\build.check\prj.check\prj.check\doctest_arrayd\doctest_arrayd.vcxproj]
    11>D:\projects\2024-misis-fall\misis2024f-24-02-kosenko-m-r\prj.check\prj.check\doctest_arrayd\doctest_arrayd.cpp(69,58): error C2065: 'ar_copy': undeclared identifier [D:\projects\2024-misis-fall\misis2024f-24-02-kosenko-m-r\build.check\prj.check\prj.check\doctest_arrayd\doctest_arrayd.vcxproj]
    11>D:\projects\2024-misis-fall\misis2024f-24-02-kosenko-m-r\prj.check\prj.check\doctest_arrayd\doctest_arrayd.cpp(69,57): error C2512: 'doctest::Approx': no appropriate default constructor available [D:\projects\2024-misis-fall\misis2024f-24-02-kosenko-m-r\build.check\prj.check\prj.check\doctest_arrayd\doctest_arrayd.vcxproj]
    11>D:\projects\2024-misis-fall\misis2024f-24-02-kosenko-m-r\prj.check\prj.check\doctest_arrayd\doctest_arrayd.cpp(73,22): error C2065: 'ar': undeclared identifier [D:\projects\2024-misis-fall\misis2024f-24-02-kosenko-m-r\build.check\prj.check\prj.check\doctest_arrayd\doctest_arrayd.vcxproj]
    11>D:\projects\2024-misis-fall\misis2024f-24-02-kosenko-m-r\prj.check\prj.check\doctest_arrayd\doctest_arrayd.cpp(74,5): error C2065: 'ar': undeclared identifier [D:\projects\2024-misis-fall\misis2024f-24-02-kosenko-m-r\build.check\prj.check\prj.check\doctest_arrayd\doctest_arrayd.vcxproj]
    11>D:\projects\2024-misis-fall\misis2024f-24-02-kosenko-m-r\prj.check\prj.check\doctest_arrayd\doctest_arrayd.cpp(76,22): error C2065: 'ar': undeclared identifier [D:\projects\2024-misis-fall\misis2024f-24-02-kosenko-m-r\build.check\prj.check\prj.check\doctest_arrayd\doctest_arrayd.vcxproj]
    11>D:\projects\2024-misis-fall\misis2024f-24-02-kosenko-m-r\prj.check\prj.check\doctest_arrayd\doctest_arrayd.cpp(77,33): error C2065: 'ar': undeclared identifier [D:\projects\2024-misis-fall\misis2024f-24-02-kosenko-m-r\build.check\prj.check\prj.check\doctest_arrayd\doctest_arrayd.vcxproj]
    11>D:\projects\2024-misis-fall\misis2024f-24-02-kosenko-m-r\prj.check\prj.check\doctest_arrayd\doctest_arrayd.cpp(77,58): error C2065: 'ar_copy': undeclared identifier [D:\projects\2024-misis-fall\misis2024f-24-02-kosenko-m-r\build.check\prj.check\prj.check\doctest_arrayd\doctest_arrayd.vcxproj]
    11>D:\projects\2024-misis-fall\misis2024f-24-02-kosenko-m-r\prj.check\prj.check\doctest_arrayd\doctest_arrayd.cpp(77,57): error C2512: 'doctest::Approx': no appropriate default constructor available [D:\projects\2024-misis-fall\misis2024f-24-02-kosenko-m-r\build.check\prj.check\prj.check\doctest_arrayd\doctest_arrayd.vcxproj]
    11>D:\projects\2024-misis-fall\misis2024f-24-02-kosenko-m-r\prj.check\prj.check\doctest_arrayd\doctest_arrayd.cpp(83,3): error C2065: 'ArrayD': undeclared identifier [D:\projects\2024-misis-fall\misis2024f-24-02-kosenko-m-r\build.check\prj.check\prj.check\doctest_arrayd\doctest_arrayd.vcxproj]
    11>D:\projects\2024-misis-fall\misis2024f-24-02-kosenko-m-r\prj.check\prj.check\doctest_arrayd\doctest_arrayd.cpp(83,10): error C2146: syntax error: missing ';' before identifier 'ar100' [D:\projects\2024-misis-fall\misis2024f-24-02-kosenko-m-r\build.check\prj.check\prj.check\doctest_arrayd\doctest_arrayd.vcxproj]
    11>D:\projects\2024-misis-fall\misis2024f-24-02-kosenko-m-r\prj.check\prj.check\doctest_arrayd\doctest_arrayd.cpp(83,10): error C3861: 'ar100': identifier not found [D:\projects\2024-misis-fall\misis2024f-24-02-kosenko-m-r\build.check\prj.check\prj.check\doctest_arrayd\doctest_arrayd.vcxproj]
    11>D:\projects\2024-misis-fall\misis2024f-24-02-kosenko-m-r\prj.check\prj.check\doctest_arrayd\doctest_arrayd.cpp(84,22): error C2065: 'ar100': undeclared identifier [D:\projects\2024-misis-fall\misis2024f-24-02-kosenko-m-r\build.check\prj.check\prj.check\doctest_arrayd\doctest_arrayd.vcxproj]
    11>D:\projects\2024-misis-fall\misis2024f-24-02-kosenko-m-r\prj.check\prj.check\doctest_arrayd\doctest_arrayd.cpp(85,5): error C2065: 'ar100': undeclared identifier [D:\projects\2024-misis-fall\misis2024f-24-02-kosenko-m-r\build.check\prj.check\prj.check\doctest_arrayd\doctest_arrayd.vcxproj]
    11>D:\projects\2024-misis-fall\misis2024f-24-02-kosenko-m-r\prj.check\prj.check\doctest_arrayd\doctest_arrayd.cpp(87,3): error C2065: 'ar_copy': undeclared identifier [D:\projects\2024-misis-fall\misis2024f-24-02-kosenko-m-r\build.check\prj.check\prj.check\doctest_arrayd\doctest_arrayd.vcxproj]
    11>D:\projects\2024-misis-fall\misis2024f-24-02-kosenko-m-r\prj.check\prj.check\doctest_arrayd\doctest_arrayd.cpp(87,13): error C2065: 'ar100': undeclared identifier [D:\projects\2024-misis-fall\misis2024f-24-02-kosenko-m-r\build.check\prj.check\prj.check\doctest_arrayd\doctest_arrayd.vcxproj]
    11>D:\projects\2024-misis-fall\misis2024f-24-02-kosenko-m-r\prj.check\prj.check\doctest_arrayd\doctest_arrayd.cpp(88,22): error C2065: 'ar': undeclared identifier [D:\projects\2024-misis-fall\misis2024f-24-02-kosenko-m-r\build.check\prj.check\prj.check\doctest_arrayd\doctest_arrayd.vcxproj]
    11>D:\projects\2024-misis-fall\misis2024f-24-02-kosenko-m-r\prj.check\prj.check\doctest_arrayd\doctest_arrayd.cpp(89,33): error C2065: 'ar100': undeclared identifier [D:\projects\2024-misis-fall\misis2024f-24-02-kosenko-m-r\build.check\prj.check\prj.check\doctest_arrayd\doctest_arrayd.vcxproj]
    11>D:\projects\2024-misis-fall\misis2024f-24-02-kosenko-m-r\prj.check\prj.check\doctest_arrayd\doctest_arrayd.cpp(89,61): error C2065: 'ar_copy': undeclared identifier [D:\projects\2024-misis-fall\misis2024f-24-02-kosenko-m-r\build.check\prj.check\prj.check\doctest_arrayd\doctest_arrayd.vcxproj]
    11>D:\projects\2024-misis-fall\misis2024f-24-02-kosenko-m-r\prj.check\prj.check\doctest_arrayd\doctest_arrayd.cpp(89,60): error C2512: 'doctest::Approx': no appropriate default constructor available [D:\projects\2024-misis-fall\misis2024f-24-02-kosenko-m-r\build.check\prj.check\prj.check\doctest_arrayd\doctest_arrayd.vcxproj]
    11>D:\projects\2024-misis-fall\misis2024f-24-02-kosenko-m-r\prj.check\prj.check\doctest_arrayd\doctest_arrayd.cpp(97,3): error C2065: 'ArrayD': undeclared identifier [D:\projects\2024-misis-fall\misis2024f-24-02-kosenko-m-r\build.check\prj.check\prj.check\doctest_arrayd\doctest_arrayd.vcxproj]
    11>D:\projects\2024-misis-fall\misis2024f-24-02-kosenko-m-r\prj.check\prj.check\doctest_arrayd\doctest_arrayd.cpp(97,10): error C2146: syntax error: missing ';' before identifier 'ar' [D:\projects\2024-misis-fall\misis2024f-24-02-kosenko-m-r\build.check\prj.check\prj.check\doctest_arrayd\doctest_arrayd.vcxproj]
    11>D:\projects\2024-misis-fall\misis2024f-24-02-kosenko-m-r\prj.check\prj.check\doctest_arrayd\doctest_arrayd.cpp(97,10): error C3861: 'ar': identifier not found [D:\projects\2024-misis-fall\misis2024f-24-02-kosenko-m-r\build.check\prj.check\prj.check\doctest_arrayd\doctest_arrayd.vcxproj]
    11>D:\projects\2024-misis-fall\misis2024f-24-02-kosenko-m-r\prj.check\prj.check\doctest_arrayd\doctest_arrayd.cpp(98,3): error C2065: 'ar': undeclared identifier [D:\projects\2024-misis-fall\misis2024f-24-02-kosenko-m-r\build.check\prj.check\prj.check\doctest_arrayd\doctest_arrayd.vcxproj]
    11>D:\projects\2024-misis-fall\misis2024f-24-02-kosenko-m-r\prj.check\prj.check\doctest_arrayd\doctest_arrayd.cpp(99,3): error C2065: 'ar': undeclared identifier [D:\projects\2024-misis-fall\misis2024f-24-02-kosenko-m-r\build.check\prj.check\prj.check\doctest_arrayd\doctest_arrayd.vcxproj]
    11>D:\projects\2024-misis-fall\misis2024f-24-02-kosenko-m-r\prj.check\prj.check\doctest_arrayd\doctest_arrayd.cpp(100,3): error C2065: 'ar': undeclared identifier [D:\projects\2024-misis-fall\misis2024f-24-02-kosenko-m-r\build.check\prj.check\prj.check\doctest_arrayd\doctest_arrayd.vcxproj]
    11>D:\projects\2024-misis-fall\misis2024f-24-02-kosenko-m-r\prj.check\prj.check\doctest_arrayd\doctest_arrayd.cpp(101,3): error C2065: 'ar': undeclared identifier [D:\projects\2024-misis-fall\misis2024f-24-02-kosenko-m-r\build.check\prj.check\prj.check\doctest_arrayd\doctest_arrayd.vcxproj]
    11>D:\projects\2024-misis-fall\misis2024f-24-02-kosenko-m-r\prj.check\prj.check\doctest_arrayd\doctest_arrayd.cpp(102,21): error C2065: 'ar': undeclared identifier [D:\projects\2024-misis-fall\misis2024f-24-02-kosenko-m-r\build.check\prj.check\prj.check\doctest_arrayd\doctest_arrayd.vcxproj]
    11>D:\projects\2024-misis-fall\misis2024f-24-02-kosenko-m-r\prj.check\prj.check\doctest_arrayd\doctest_arrayd.cpp(103,3): error C2065: 'ar': undeclared identifier [D:\projects\2024-misis-fall\misis2024f-24-02-kosenko-m-r\build.check\prj.check\prj.check\doctest_arrayd\doctest_arrayd.vcxproj]
    11>D:\projects\2024-misis-fall\misis2024f-24-02-kosenko-m-r\prj.check\prj.check\doctest_arrayd\doctest_arrayd.cpp(104,3): error C2065: 'ar': undeclared identifier [D:\projects\2024-misis-fall\misis2024f-24-02-kosenko-m-r\build.check\prj.check\prj.check\doctest_arrayd\doctest_arrayd.vcxproj]
    11>D:\projects\2024-misis-fall\misis2024f-24-02-kosenko-m-r\prj.check\prj.check\doctest_arrayd\doctest_arrayd.cpp(110,3): error C2065: 'ArrayD': undeclared identifier [D:\projects\2024-misis-fall\misis2024f-24-02-kosenko-m-r\build.check\prj.check\prj.check\doctest_arrayd\doctest_arrayd.vcxproj]
    11>D:\projects\2024-misis-fall\misis2024f-24-02-kosenko-m-r\prj.check\prj.check\doctest_arrayd\doctest_arrayd.cpp(110,10): error C2146: syntax error: missing ';' before identifier 'ar' [D:\projects\2024-misis-fall\misis2024f-24-02-kosenko-m-r\build.check\prj.check\prj.check\doctest_arrayd\doctest_arrayd.vcxproj]
    11>D:\projects\2024-misis-fall\misis2024f-24-02-kosenko-m-r\prj.check\prj.check\doctest_arrayd\doctest_arrayd.cpp(110,10): error C3861: 'ar': identifier not found [D:\projects\2024-misis-fall\misis2024f-24-02-kosenko-m-r\build.check\prj.check\prj.check\doctest_arrayd\doctest_arrayd.vcxproj]
    11>D:\projects\2024-misis-fall\misis2024f-24-02-kosenko-m-r\prj.check\prj.check\doctest_arrayd\doctest_arrayd.cpp(111,22): error C2065: 'ar': undeclared identifier [D:\projects\2024-misis-fall\misis2024f-24-02-kosenko-m-r\build.check\prj.check\prj.check\doctest_arrayd\doctest_arrayd.vcxproj]
    11>D:\projects\2024-misis-fall\misis2024f-24-02-kosenko-m-r\prj.check\prj.check\doctest_arrayd\doctest_arrayd.cpp(112,5): error C2065: 'ar': undeclared identifier [D:\projects\2024-misis-fall\misis2024f-24-02-kosenko-m-r\build.check\prj.check\prj.check\doctest_arrayd\doctest_arrayd.vcxproj]
    11>D:\projects\2024-misis-fall\misis2024f-24-02-kosenko-m-r\prj.check\prj.check\doctest_arrayd\doctest_arrayd.cpp(114,3): error C2065: 'ar': undeclared identifier [D:\projects\2024-misis-fall\misis2024f-24-02-kosenko-m-r\build.check\prj.check\prj.check\doctest_arrayd\doctest_arrayd.vcxproj]
    11>D:\projects\2024-misis-fall\misis2024f-24-02-kosenko-m-r\prj.check\prj.check\doctest_arrayd\doctest_arrayd.cpp(116,22): error C2065: 'ar': undeclared identifier [D:\projects\2024-misis-fall\misis2024f-24-02-kosenko-m-r\build.check\prj.check\prj.check\doctest_arrayd\doctest_arrayd.vcxproj]
    11>D:\projects\2024-misis-fall\misis2024f-24-02-kosenko-m-r\prj.check\prj.check\doctest_arrayd\doctest_arrayd.cpp(117,35): error C2065: 'ar': undeclared identifier [D:\projects\2024-misis-fall\misis2024f-24-02-kosenko-m-r\build.check\prj.check\prj.check\doctest_arrayd\doctest_arrayd.vcxproj]
    11>D:\projects\2024-misis-fall\misis2024f-24-02-kosenko-m-r\prj.check\prj.check\doctest_arrayd\doctest_arrayd.cpp(121,3): error C2065: 'ar': undeclared identifier [D:\projects\2024-misis-fall\misis2024f-24-02-kosenko-m-r\build.check\prj.check\prj.check\doctest_arrayd\doctest_arrayd.vcxproj]
    11>D:\projects\2024-misis-fall\misis2024f-24-02-kosenko-m-r\prj.check\prj.check\doctest_arrayd\doctest_arrayd.cpp(123,35): error C2065: 'ar': undeclared identifier [D:\projects\2024-misis-fall\misis2024f-24-02-kosenko-m-r\build.check\prj.check\prj.check\doctest_arrayd\doctest_arrayd.vcxproj]
    11>D:\projects\2024-misis-fall\misis2024f-24-02-kosenko-m-r\prj.check\prj.check\doctest_arrayd\doctest_arrayd.cpp(129,35): error C2065: 'ar': undeclared identifier [D:\projects\2024-misis-fall\misis2024f-24-02-kosenko-m-r\build.check\prj.check\prj.check\doctest_arrayd\doctest_arrayd.vcxproj]
    11>D:\projects\2024-misis-fall\misis2024f-24-02-kosenko-m-r\prj.check\prj.check\doctest_arrayd\doctest_arrayd.cpp(134,3): error C2065: 'ar': undeclared identifier [D:\projects\2024-misis-fall\misis2024f-24-02-kosenko-m-r\build.check\prj.check\prj.check\doctest_arrayd\doctest_arrayd.vcxproj]
    11>D:\projects\2024-misis-fall\misis2024f-24-02-kosenko-m-r\prj.check\prj.check\doctest_arrayd\doctest_arrayd.cpp(135,3): error C2065: 'ar': undeclared identifier [D:\projects\2024-misis-fall\misis2024f-24-02-kosenko-m-r\build.check\prj.check\prj.check\doctest_arrayd\doctest_arrayd.vcxproj]
    11>D:\projects\2024-misis-fall\misis2024f-24-02-kosenko-m-r\prj.check\prj.check\doctest_arrayd\doctest_arrayd.cpp(136,3): error C2065: 'ar': undeclared identifier [D:\projects\2024-misis-fall\misis2024f-24-02-kosenko-m-r\build.check\prj.check\prj.check\doctest_arrayd\doctest_arrayd.vcxproj]
    11>D:\projects\2024-misis-fall\misis2024f-24-02-kosenko-m-r\prj.check\prj.check\doctest_arrayd\doctest_arrayd.cpp(136,3): error C1003: error count exceeds 100; stopping compilation [D:\projects\2024-misis-fall\misis2024f-24-02-kosenko-m-r\build.check\prj.check\prj.check\doctest_arrayd\doctest_arrayd.vcxproj]
     7>D:\programs\vcpkg\installed\x64-windows\include\doctest\doctest.h(7085,5): error C2731: 'main': function cannot be overloaded [D:\projects\2024-misis-fall\misis2024f-24-02-kosenko-m-r\build.check\prj.check\prj.check\doctest_rational\doctest_rational.vcxproj]
     8>D:\programs\vcpkg\installed\x64-windows\include\doctest\doctest.h(7085,5): error C2731: 'main': function cannot be overloaded [D:\projects\2024-misis-fall\misis2024f-24-02-kosenko-m-r\build.check\prj.check\prj.check\doctest_rational\doctest_rational_io.vcxproj]
     7>D:\projects\2024-misis-fall\misis2024f-24-02-kosenko-m-r\prj.check\prj.check\doctest_rational\doctest_rational.cpp(14,3): error C2440: '<function-style-cast>': cannot convert from 'initializer list' to 'Rational' [D:\projects\2024-misis-fall\misis2024f-24-02-kosenko-m-r\build.check\prj.check\prj.check\doctest_rational\doctest_rational.vcxproj]
     7>D:\projects\2024-misis-fall\misis2024f-24-02-kosenko-m-r\prj.check\prj.check\doctest_rational\doctest_rational.cpp(15,3): error C2440: '<function-style-cast>': cannot convert from 'initializer list' to 'Rational' [D:\projects\2024-misis-fall\misis2024f-24-02-kosenko-m-r\build.check\prj.check\prj.check\doctest_rational\doctest_rational.vcxproj]
     8>D:\projects\2024-misis-fall\misis2024f-24-02-kosenko-m-r\prj.check\prj.check\doctest_rational\doctest_rational_io.cpp(37,5): error C2679: binary '>>': no operator found which takes a right-hand operand of type 'Rational' (or there is no acceptable conversion) [D:\projects\2024-misis-fall\misis2024f-24-02-kosenko-m-r\build.check\prj.check\prj.check\doctest_rational\doctest_rational_io.vcxproj]
     7>D:\projects\2024-misis-fall\misis2024f-24-02-kosenko-m-r\prj.check\prj.check\doctest_rational\doctest_rational.cpp(16,3): error C2440: '<function-style-cast>': cannot convert from 'initializer list' to 'Rational' [D:\projects\2024-misis-fall\misis2024f-24-02-kosenko-m-r\build.check\prj.check\prj.check\doctest_rational\doctest_rational.vcxproj]
     7>D:\projects\2024-misis-fall\misis2024f-24-02-kosenko-m-r\prj.check\prj.check\doctest_rational\doctest_rational.cpp(17,3): error C2440: '<function-style-cast>': cannot convert from 'initializer list' to 'Rational' [D:\projects\2024-misis-fall\misis2024f-24-02-kosenko-m-r\build.check\prj.check\prj.check\doctest_rational\doctest_rational.vcxproj]
     7>D:\projects\2024-misis-fall\misis2024f-24-02-kosenko-m-r\prj.check\prj.check\doctest_rational\doctest_rational.cpp(18,3): error C2440: '<function-style-cast>': cannot convert from 'initializer list' to 'Rational' [D:\projects\2024-misis-fall\misis2024f-24-02-kosenko-m-r\build.check\prj.check\prj.check\doctest_rational\doctest_rational.vcxproj]
     7>D:\projects\2024-misis-fall\misis2024f-24-02-kosenko-m-r\prj.check\prj.check\doctest_rational\doctest_rational.cpp(19,3): error C2440: '<function-style-cast>': cannot convert from 'initializer list' to 'Rational' [D:\projects\2024-misis-fall\misis2024f-24-02-kosenko-m-r\build.check\prj.check\prj.check\doctest_rational\doctest_rational.vcxproj]
     7>D:\projects\2024-misis-fall\misis2024f-24-02-kosenko-m-r\prj.check\prj.check\doctest_rational\doctest_rational.cpp(20,3): error C2440: '<function-style-cast>': cannot convert from 'initializer list' to 'Rational' [D:\projects\2024-misis-fall\misis2024f-24-02-kosenko-m-r\build.check\prj.check\prj.check\doctest_rational\doctest_rational.vcxproj]
     7>D:\projects\2024-misis-fall\misis2024f-24-02-kosenko-m-r\prj.check\prj.check\doctest_rational\doctest_rational.cpp(21,3): error C2440: '<function-style-cast>': cannot convert from 'initializer list' to 'Rational' [D:\projects\2024-misis-fall\misis2024f-24-02-kosenko-m-r\build.check\prj.check\prj.check\doctest_rational\doctest_rational.vcxproj]
     8>D:\projects\2024-misis-fall\misis2024f-24-02-kosenko-m-r\prj.check\prj.check\doctest_rational\doctest_rational_io.cpp(45,5): error C2679: binary '>>': no operator found which takes a right-hand operand of type 'Rational' (or there is no acceptable conversion) [D:\projects\2024-misis-fall\misis2024f-24-02-kosenko-m-r\build.check\prj.check\prj.check\doctest_rational\doctest_rational_io.vcxproj]
     7>D:\projects\2024-misis-fall\misis2024f-24-02-kosenko-m-r\prj.check\prj.check\doctest_rational\doctest_rational.cpp(22,3): error C2440: '<function-style-cast>': cannot convert from 'initializer list' to 'Rational' [D:\projects\2024-misis-fall\misis2024f-24-02-kosenko-m-r\build.check\prj.check\prj.check\doctest_rational\doctest_rational.vcxproj]
     7>D:\projects\2024-misis-fall\misis2024f-24-02-kosenko-m-r\prj.check\prj.check\doctest_rational\doctest_rational.cpp(29,3): error C2675: unary '-': 'Rational' does not define this operator or a conversion to a type acceptable to the predefined operator [D:\projects\2024-misis-fall\misis2024f-24-02-kosenko-m-r\build.check\prj.check\prj.check\doctest_rational\doctest_rational.vcxproj]
     7>D:\projects\2024-misis-fall\misis2024f-24-02-kosenko-m-r\prj.check\prj.check\doctest_rational\doctest_rational.cpp(29,3): error C2088: '-': illegal for class [D:\projects\2024-misis-fall\misis2024f-24-02-kosenko-m-r\build.check\prj.check\prj.check\doctest_rational\doctest_rational.vcxproj]
     7>D:\projects\2024-misis-fall\misis2024f-24-02-kosenko-m-r\prj.check\prj.check\doctest_rational\doctest_rational.cpp(29,3): error C2672: 'doctest::detail::ResultBuilder::binary_assert': no matching overloaded function found [D:\projects\2024-misis-fall\misis2024f-24-02-kosenko-m-r\build.check\prj.check\prj.check\doctest_rational\doctest_rational.vcxproj]
     8>D:\projects\2024-misis-fall\misis2024f-24-02-kosenko-m-r\prj.check\prj.check\doctest_rational\doctest_rational_io.cpp(53,5): error C2679: binary '>>': no operator found which takes a right-hand operand of type 'Rational' (or there is no acceptable conversion) [D:\projects\2024-misis-fall\misis2024f-24-02-kosenko-m-r\build.check\prj.check\prj.check\doctest_rational\doctest_rational_io.vcxproj]
     7>D:\projects\2024-misis-fall\misis2024f-24-02-kosenko-m-r\prj.check\prj.check\doctest_rational\doctest_rational.cpp(30,3): error C2440: '<function-style-cast>': cannot convert from 'initializer list' to 'Rational' [D:\projects\2024-misis-fall\misis2024f-24-02-kosenko-m-r\build.check\prj.check\prj.check\doctest_rational\doctest_rational.vcxproj]
     7>D:\projects\2024-misis-fall\misis2024f-24-02-kosenko-m-r\prj.check\prj.check\doctest_rational\doctest_rational.cpp(30,3): error C2672: 'doctest::detail::ResultBuilder::binary_assert': no matching overloaded function found [D:\projects\2024-misis-fall\misis2024f-24-02-kosenko-m-r\build.check\prj.check\prj.check\doctest_rational\doctest_rational.vcxproj]
     7>D:\projects\2024-misis-fall\misis2024f-24-02-kosenko-m-r\prj.check\prj.check\doctest_rational\doctest_rational.cpp(31,3): error C2440: '<function-style-cast>': cannot convert from 'initializer list' to 'Rational' [D:\projects\2024-misis-fall\misis2024f-24-02-kosenko-m-r\build.check\prj.check\prj.check\doctest_rational\doctest_rational.vcxproj]
     7>D:\projects\2024-misis-fall\misis2024f-24-02-kosenko-m-r\prj.check\prj.check\doctest_rational\doctest_rational.cpp(31,3): error C2672: 'doctest::detail::ResultBuilder::binary_assert': no matching overloaded function found [D:\projects\2024-misis-fall\misis2024f-24-02-kosenko-m-r\build.check\prj.check\prj.check\doctest_rational\doctest_rational.vcxproj]
     7>D:\projects\2024-misis-fall\misis2024f-24-02-kosenko-m-r\prj.check\prj.check\doctest_rational\doctest_rational.cpp(35,3): error C2440: '<function-style-cast>': cannot convert from 'initializer list' to 'Rational' [D:\projects\2024-misis-fall\misis2024f-24-02-kosenko-m-r\build.check\prj.check\prj.check\doctest_rational\doctest_rational.vcxproj]
     7>D:\projects\2024-misis-fall\misis2024f-24-02-kosenko-m-r\prj.check\prj.check\doctest_rational\doctest_rational.cpp(36,3): error C2440: '<function-style-cast>': cannot convert from 'initializer list' to 'Rational' [D:\projects\2024-misis-fall\misis2024f-24-02-kosenko-m-r\build.check\prj.check\prj.check\doctest_rational\doctest_rational.vcxproj]
     8>D:\projects\2024-misis-fall\misis2024f-24-02-kosenko-m-r\prj.check\prj.check\doctest_rational\doctest_rational_io.cpp(63,5): error C2679: binary '>>': no operator found which takes a right-hand operand of type 'Rational' (or there is no acceptable conversion) [D:\projects\2024-misis-fall\misis2024f-24-02-kosenko-m-r\build.check\prj.check\prj.check\doctest_rational\doctest_rational_io.vcxproj]
     7>D:\projects\2024-misis-fall\misis2024f-24-02-kosenko-m-r\prj.check\prj.check\doctest_rational\doctest_rational.cpp(37,3): error C2440: '<function-style-cast>': cannot convert from 'initializer list' to 'Rational' [D:\projects\2024-misis-fall\misis2024f-24-02-kosenko-m-r\build.check\prj.check\prj.check\doctest_rational\doctest_rational.vcxproj]
     7>D:\projects\2024-misis-fall\misis2024f-24-02-kosenko-m-r\prj.check\prj.check\doctest_rational\doctest_rational.cpp(38,3): error C2440: '<function-style-cast>': cannot convert from 'initializer list' to 'Rational' [D:\projects\2024-misis-fall\misis2024f-24-02-kosenko-m-r\build.check\prj.check\prj.check\doctest_rational\doctest_rational.vcxproj]
     7>D:\projects\2024-misis-fall\misis2024f-24-02-kosenko-m-r\prj.check\prj.check\doctest_rational\doctest_rational.cpp(42,3): error C2440: '<function-style-cast>': cannot convert from 'initializer list' to 'Rational' [D:\projects\2024-misis-fall\misis2024f-24-02-kosenko-m-r\build.check\prj.check\prj.check\doctest_rational\doctest_rational.vcxproj]
     7>D:\projects\2024-misis-fall\misis2024f-24-02-kosenko-m-r\prj.check\prj.check\doctest_rational\doctest_rational.cpp(43,3): error C2440: '<function-style-cast>': cannot convert from 'initializer list' to 'Rational' [D:\projects\2024-misis-fall\misis2024f-24-02-kosenko-m-r\build.check\prj.check\prj.check\doctest_rational\doctest_rational.vcxproj]
     8>D:\projects\2024-misis-fall\misis2024f-24-02-kosenko-m-r\prj.check\prj.check\doctest_rational\doctest_rational_io.cpp(65,5): error C2679: binary '<<': no operator found which takes a right-hand operand of type 'Rational' (or there is no acceptable conversion) [D:\projects\2024-misis-fall\misis2024f-24-02-kosenko-m-r\build.check\prj.check\prj.check\doctest_rational\doctest_rational_io.vcxproj]
     7>D:\projects\2024-misis-fall\misis2024f-24-02-kosenko-m-r\prj.check\prj.check\doctest_rational\doctest_rational.cpp(44,3): error C2440: '<function-style-cast>': cannot convert from 'initializer list' to 'Rational' [D:\projects\2024-misis-fall\misis2024f-24-02-kosenko-m-r\build.check\prj.check\prj.check\doctest_rational\doctest_rational.vcxproj]
     7>D:\projects\2024-misis-fall\misis2024f-24-02-kosenko-m-r\prj.check\prj.check\doctest_rational\doctest_rational.cpp(45,3): error C2440: '<function-style-cast>': cannot convert from 'initializer list' to 'Rational' [D:\projects\2024-misis-fall\misis2024f-24-02-kosenko-m-r\build.check\prj.check\prj.check\doctest_rational\doctest_rational.vcxproj]
     7>D:\projects\2024-misis-fall\misis2024f-24-02-kosenko-m-r\prj.check\prj.check\doctest_rational\doctest_rational.cpp(49,3): error C2440: '<function-style-cast>': cannot convert from 'initializer list' to 'Rational' [D:\projects\2024-misis-fall\misis2024f-24-02-kosenko-m-r\build.check\prj.check\prj.check\doctest_rational\doctest_rational.vcxproj]
     7>D:\projects\2024-misis-fall\misis2024f-24-02-kosenko-m-r\prj.check\prj.check\doctest_rational\doctest_rational.cpp(50,3): error C2440: '<function-style-cast>': cannot convert from 'initializer list' to 'Rational' [D:\projects\2024-misis-fall\misis2024f-24-02-kosenko-m-r\build.check\prj.check\prj.check\doctest_rational\doctest_rational.vcxproj]
     7>D:\projects\2024-misis-fall\misis2024f-24-02-kosenko-m-r\prj.check\prj.check\doctest_rational\doctest_rational.cpp(51,3): error C2440: '<function-style-cast>': cannot convert from 'initializer list' to 'Rational' [D:\projects\2024-misis-fall\misis2024f-24-02-kosenko-m-r\build.check\prj.check\prj.check\doctest_rational\doctest_rational.vcxproj]
     7>D:\projects\2024-misis-fall\misis2024f-24-02-kosenko-m-r\prj.check\prj.check\doctest_rational\doctest_rational.cpp(52,3): error C2440: '<function-style-cast>': cannot convert from 'initializer list' to 'Rational' [D:\projects\2024-misis-fall\misis2024f-24-02-kosenko-m-r\build.check\prj.check\prj.check\doctest_rational\doctest_rational.vcxproj]
     7>D:\projects\2024-misis-fall\misis2024f-24-02-kosenko-m-r\prj.check\prj.check\doctest_rational\doctest_rational.cpp(56,3): error C2440: '<function-style-cast>': cannot convert from 'initializer list' to 'Rational' [D:\projects\2024-misis-fall\misis2024f-24-02-kosenko-m-r\build.check\prj.check\prj.check\doctest_rational\doctest_rational.vcxproj]
     7>D:\projects\2024-misis-fall\misis2024f-24-02-kosenko-m-r\prj.check\prj.check\doctest_rational\doctest_rational.cpp(57,3): error C2440: '<function-style-cast>': cannot convert from 'initializer list' to 'Rational' [D:\projects\2024-misis-fall\misis2024f-24-02-kosenko-m-r\build.check\prj.check\prj.check\doctest_rational\doctest_rational.vcxproj]
     7>D:\projects\2024-misis-fall\misis2024f-24-02-kosenko-m-r\prj.check\prj.check\doctest_rational\doctest_rational.cpp(58,3): error C2440: '<function-style-cast>': cannot convert from 'initializer list' to 'Rational' [D:\projects\2024-misis-fall\misis2024f-24-02-kosenko-m-r\build.check\prj.check\prj.check\doctest_rational\doctest_rational.vcxproj]
     7>D:\projects\2024-misis-fall\misis2024f-24-02-kosenko-m-r\prj.check\prj.check\doctest_rational\doctest_rational.cpp(59,3): error C2440: '<function-style-cast>': cannot convert from 'initializer list' to 'Rational' [D:\projects\2024-misis-fall\misis2024f-24-02-kosenko-m-r\build.check\prj.check\prj.check\doctest_rational\doctest_rational.vcxproj]
     7>D:\projects\2024-misis-fall\misis2024f-24-02-kosenko-m-r\prj.check\prj.check\doctest_rational\doctest_rational.cpp(63,3): error C2440: '<function-style-cast>': cannot convert from 'initializer list' to 'Rational' [D:\projects\2024-misis-fall\misis2024f-24-02-kosenko-m-r\build.check\prj.check\prj.check\doctest_rational\doctest_rational.vcxproj]
     7>D:\projects\2024-misis-fall\misis2024f-24-02-kosenko-m-r\prj.check\prj.check\doctest_rational\doctest_rational.cpp(64,3): error C2440: '<function-style-cast>': cannot convert from 'initializer list' to 'Rational' [D:\projects\2024-misis-fall\misis2024f-24-02-kosenko-m-r\build.check\prj.check\prj.check\doctest_rational\doctest_rational.vcxproj]
     7>D:\projects\2024-misis-fall\misis2024f-24-02-kosenko-m-r\prj.check\prj.check\doctest_rational\doctest_rational.cpp(65,3): error C2440: '<function-style-cast>': cannot convert from 'initializer list' to 'Rational' [D:\projects\2024-misis-fall\misis2024f-24-02-kosenko-m-r\build.check\prj.check\prj.check\doctest_rational\doctest_rational.vcxproj]
     7>D:\projects\2024-misis-fall\misis2024f-24-02-kosenko-m-r\prj.check\prj.check\doctest_rational\doctest_rational.cpp(66,3): error C2440: '<function-style-cast>': cannot convert from 'initializer list' to 'Rational' [D:\projects\2024-misis-fall\misis2024f-24-02-kosenko-m-r\build.check\prj.check\prj.check\doctest_rational\doctest_rational.vcxproj]
     7>D:\projects\2024-misis-fall\misis2024f-24-02-kosenko-m-r\prj.check\prj.check\doctest_rational\doctest_rational.cpp(70,3): error C2440: '<function-style-cast>': cannot convert from 'initializer list' to 'Rational' [D:\projects\2024-misis-fall\misis2024f-24-02-kosenko-m-r\build.check\prj.check\prj.check\doctest_rational\doctest_rational.vcxproj]
     7>D:\projects\2024-misis-fall\misis2024f-24-02-kosenko-m-r\prj.check\prj.check\doctest_rational\doctest_rational.cpp(71,3): error C2440: '<function-style-cast>': cannot convert from 'initializer list' to 'Rational' [D:\projects\2024-misis-fall\misis2024f-24-02-kosenko-m-r\build.check\prj.check\prj.check\doctest_rational\doctest_rational.vcxproj]
     7>D:\projects\2024-misis-fall\misis2024f-24-02-kosenko-m-r\prj.check\prj.check\doctest_rational\doctest_rational.cpp(72,3): error C2440: '<function-style-cast>': cannot convert from 'initializer list' to 'Rational' [D:\projects\2024-misis-fall\misis2024f-24-02-kosenko-m-r\build.check\prj.check\prj.check\doctest_rational\doctest_rational.vcxproj]
     7>D:\projects\2024-misis-fall\misis2024f-24-02-kosenko-m-r\prj.check\prj.check\doctest_rational\doctest_rational.cpp(73,3): error C2440: '<function-style-cast>': cannot convert from 'initializer list' to 'Rational' [D:\projects\2024-misis-fall\misis2024f-24-02-kosenko-m-r\build.check\prj.check\prj.check\doctest_rational\doctest_rational.vcxproj]
     7>D:\projects\2024-misis-fall\misis2024f-24-02-kosenko-m-r\prj.check\prj.check\doctest_rational\doctest_rational.cpp(77,3): error C2440: '<function-style-cast>': cannot convert from 'initializer list' to 'Rational' [D:\projects\2024-misis-fall\misis2024f-24-02-kosenko-m-r\build.check\prj.check\prj.check\doctest_rational\doctest_rational.vcxproj]
     7>D:\projects\2024-misis-fall\misis2024f-24-02-kosenko-m-r\prj.check\prj.check\doctest_rational\doctest_rational.cpp(78,3): error C2440: '<function-style-cast>': cannot convert from 'initializer list' to 'Rational' [D:\projects\2024-misis-fall\misis2024f-24-02-kosenko-m-r\build.check\prj.check\prj.check\doctest_rational\doctest_rational.vcxproj]
     7>D:\projects\2024-misis-fall\misis2024f-24-02-kosenko-m-r\prj.check\prj.check\doctest_rational\doctest_rational.cpp(79,3): error C2440: '<function-style-cast>': cannot convert from 'initializer list' to 'Rational' [D:\projects\2024-misis-fall\misis2024f-24-02-kosenko-m-r\build.check\prj.check\prj.check\doctest_rational\doctest_rational.vcxproj]
     7>D:\projects\2024-misis-fall\misis2024f-24-02-kosenko-m-r\prj.check\prj.check\doctest_rational\doctest_rational.cpp(80,3): error C2440: '<function-style-cast>': cannot convert from 'initializer list' to 'Rational' [D:\projects\2024-misis-fall\misis2024f-24-02-kosenko-m-r\build.check\prj.check\prj.check\doctest_rational\doctest_rational.vcxproj]
     7>D:\projects\2024-misis-fall\misis2024f-24-02-kosenko-m-r\prj.check\prj.check\doctest_rational\doctest_rational.cpp(81,3): error C2440: '<function-style-cast>': cannot convert from 'initializer list' to 'Rational' [D:\projects\2024-misis-fall\misis2024f-24-02-kosenko-m-r\build.check\prj.check\prj.check\doctest_rational\doctest_rational.vcxproj]
     7>D:\projects\2024-misis-fall\misis2024f-24-02-kosenko-m-r\prj.check\prj.check\doctest_rational\doctest_rational.cpp(82,3): error C2440: '<function-style-cast>': cannot convert from 'initializer list' to 'Rational' [D:\projects\2024-misis-fall\misis2024f-24-02-kosenko-m-r\build.check\prj.check\prj.check\doctest_rational\doctest_rational.vcxproj]
     7>D:\projects\2024-misis-fall\misis2024f-24-02-kosenko-m-r\prj.check\prj.check\doctest_rational\doctest_rational.cpp(86,3): error C2440: '<function-style-cast>': cannot convert from 'initializer list' to 'Rational' [D:\projects\2024-misis-fall\misis2024f-24-02-kosenko-m-r\build.check\prj.check\prj.check\doctest_rational\doctest_rational.vcxproj]
     7>D:\projects\2024-misis-fall\misis2024f-24-02-kosenko-m-r\prj.check\prj.check\doctest_rational\doctest_rational.cpp(87,3): error C2440: '<function-style-cast>': cannot convert from 'initializer list' to 'Rational' [D:\projects\2024-misis-fall\misis2024f-24-02-kosenko-m-r\build.check\prj.check\prj.check\doctest_rational\doctest_rational.vcxproj]
     7>D:\projects\2024-misis-fall\misis2024f-24-02-kosenko-m-r\prj.check\prj.check\doctest_rational\doctest_rational.cpp(88,3): error C2440: '<function-style-cast>': cannot convert from 'initializer list' to 'Rational' [D:\projects\2024-misis-fall\misis2024f-24-02-kosenko-m-r\build.check\prj.check\prj.check\doctest_rational\doctest_rational.vcxproj]
     7>D:\projects\2024-misis-fall\misis2024f-24-02-kosenko-m-r\prj.check\prj.check\doctest_rational\doctest_rational.cpp(89,3): error C2440: '<function-style-cast>': cannot convert from 'initializer list' to 'Rational' [D:\projects\2024-misis-fall\misis2024f-24-02-kosenko-m-r\build.check\prj.check\prj.check\doctest_rational\doctest_rational.vcxproj]
     7>D:\projects\2024-misis-fall\misis2024f-24-02-kosenko-m-r\prj.check\prj.check\doctest_rational\doctest_rational.cpp(90,3): error C2440: '<function-style-cast>': cannot convert from 'initializer list' to 'Rational' [D:\projects\2024-misis-fall\misis2024f-24-02-kosenko-m-r\build.check\prj.check\prj.check\doctest_rational\doctest_rational.vcxproj]
     7>D:\projects\2024-misis-fall\misis2024f-24-02-kosenko-m-r\prj.check\prj.check\doctest_rational\doctest_rational.cpp(91,3): error C2440: '<function-style-cast>': cannot convert from 'initializer list' to 'Rational' [D:\projects\2024-misis-fall\misis2024f-24-02-kosenko-m-r\build.check\prj.check\prj.check\doctest_rational\doctest_rational.vcxproj]
